#-----------------------------------------------------------
# Vivado v2019.1 (64-bit)
# SW Build 2552052 on Fri May 24 14:49:42 MDT 2019
# IP Build 2548770 on Fri May 24 18:01:18 MDT 2019
# Start of session at: Sat Jun  3 00:18:13 2023
# Process ID: 7836
# Current directory: D:/XILINX2019/arty_base
# Command line: vivado.exe -gui_launcher_event rodinguilauncherevent16380 D:\XILINX2019\arty_base\arty_base.xpr
# Log file: D:/XILINX2019/arty_base/vivado.log
# Journal file: D:/XILINX2019/arty_base\vivado.jou
#-----------------------------------------------------------
start_gui
open_project D:/XILINX2019/arty_base/arty_base.xpr
Scanning sources...
Finished scanning sources
INFO: [IP_Flow 19-234] Refreshing IP repositories
INFO: [IP_Flow 19-1704] No user IP repositories specified
INFO: [IP_Flow 19-2313] Loaded Vivado IP repository 'D:/XILINX2019/Vivado/2019.1/data/ip'.
open_project: Time (s): cpu = 00:00:30 ; elapsed = 00:00:59 . Memory (MB): peak = 746.047 ; gain = 162.566
update_compile_order -fileset sources_1
launch_sdk -workspace D:/XILINX2019/arty_base/arty_base.sdk -hwspec D:/XILINX2019/arty_base/arty_base.sdk/design_1_wrapper.hdf
INFO: [Vivado 12-393] Launching SDK...
INFO: [Vivado 12-417] Running xsdk -workspace D:/XILINX2019/arty_base/arty_base.sdk -hwspec D:/XILINX2019/arty_base/arty_base.sdk/design_1_wrapper.hdf
INFO: [Vivado 12-3157] SDK launch initiated. Please check console for any further messages.
exit
INFO: [Common 17-206] Exiting Vivado at Sat Jun  3 00:49:51 2023...
