#-----------------------------------------------------------
# Vivado v2019.1 (64-bit)
# SW Build 2552052 on Fri May 24 14:49:42 MDT 2019
# IP Build 2548770 on Fri May 24 18:01:18 MDT 2019
# Start of session at: Tue Jun 13 10:28:04 2023
# Process ID: 21800
# Current directory: D:/XILINX2019/arty_base
# Command line: vivado.exe -gui_launcher_event rodinguilauncherevent7200 D:\XILINX2019\arty_base\arty_base.xpr
# Log file: D:/XILINX2019/arty_base/vivado.log
# Journal file: D:/XILINX2019/arty_base\vivado.jou
#-----------------------------------------------------------
start_gui
open_project D:/XILINX2019/arty_base/arty_base.xpr
Scanning sources...
Finished scanning sources
INFO: [IP_Flow 19-234] Refreshing IP repositories
INFO: [IP_Flow 19-1704] No user IP repositories specified
INFO: [IP_Flow 19-2313] Loaded Vivado IP repository 'D:/XILINX2019/Vivado/2019.1/data/ip'.
open_project: Time (s): cpu = 00:00:16 ; elapsed = 00:01:03 . Memory (MB): peak = 761.703 ; gain = 186.777
update_compile_order -fileset sources_1
file copy -force D:/XILINX2019/arty_base/arty_base.runs/impl_1/design_1_wrapper.sysdef D:/XILINX2019/arty_base/arty_base.sdk/design_1_wrapper.hdf

launch_sdk -workspace D:/XILINX2019/arty_base/arty_base.sdk -hwspec D:/XILINX2019/arty_base/arty_base.sdk/design_1_wrapper.hdf
INFO: [Vivado 12-393] Launching SDK...
INFO: [Vivado 12-417] Running xsdk -workspace D:/XILINX2019/arty_base/arty_base.sdk -hwspec D:/XILINX2019/arty_base/arty_base.sdk/design_1_wrapper.hdf
INFO: [Vivado 12-3157] SDK launch initiated. Please check console for any further messages.
exit
INFO: [Common 17-206] Exiting Vivado at Tue Jun 13 10:36:25 2023...
