#-----------------------------------------------------------
# Vivado v2019.1 (64-bit)
# SW Build 2552052 on Fri May 24 14:49:42 MDT 2019
# IP Build 2548770 on Fri May 24 18:01:18 MDT 2019
# Start of session at: Thu Jun  1 08:52:12 2023
# Process ID: 8072
# Current directory: D:/XILINX2019/arty_base
# Command line: vivado.exe -gui_launcher_event rodinguilauncherevent13852 D:\XILINX2019\arty_base\arty_base.xpr
# Log file: D:/XILINX2019/arty_base/vivado.log
# Journal file: D:/XILINX2019/arty_base\vivado.jou
#-----------------------------------------------------------
start_gui
open_project D:/XILINX2019/arty_base/arty_base.xpr
Scanning sources...
Finished scanning sources
INFO: [IP_Flow 19-234] Refreshing IP repositories
INFO: [IP_Flow 19-1704] No user IP repositories specified
INFO: [IP_Flow 19-2313] Loaded Vivado IP repository 'D:/XILINX2019/Vivado/2019.1/data/ip'.
open_project: Time (s): cpu = 00:00:36 ; elapsed = 00:00:41 . Memory (MB): peak = 803.250 ; gain = 197.000
update_compile_order -fileset sources_1
file copy -force D:/XILINX2019/arty_base/arty_base.runs/impl_1/design_1_wrapper.sysdef D:/XILINX2019/arty_base/arty_base.sdk/design_1_wrapper.hdf

launch_sdk -workspace D:/XILINX2019/arty_base/arty_base.sdk -hwspec D:/XILINX2019/arty_base/arty_base.sdk/design_1_wrapper.hdf
INFO: [Vivado 12-393] Launching SDK...
INFO: [Vivado 12-417] Running xsdk -workspace D:/XILINX2019/arty_base/arty_base.sdk -hwspec D:/XILINX2019/arty_base/arty_base.sdk/design_1_wrapper.hdf
INFO: [Vivado 12-3157] SDK launch initiated. Please check console for any further messages.
file copy -force D:/XILINX2019/arty_base/arty_base.runs/impl_1/design_1_wrapper.sysdef D:/XILINX2019/arty_base/arty_base.sdk/design_1_wrapper.hdf

launch_sdk -workspace D:/XILINX2019/arty_base/arty_base.sdk -hwspec D:/XILINX2019/arty_base/arty_base.sdk/design_1_wrapper.hdf
INFO: [Vivado 12-393] Launching SDK...
INFO: [Vivado 12-417] Running xsdk -workspace D:/XILINX2019/arty_base/arty_base.sdk -hwspec D:/XILINX2019/arty_base/arty_base.sdk/design_1_wrapper.hdf
INFO: [Vivado 12-3157] SDK launch initiated. Please check console for any further messages.
open_bd_design {D:/XILINX2019/arty_base/arty_base.srcs/sources_1/bd/design_1/design_1.bd}
Adding component instance block -- xilinx.com:ip:clk_wiz:6.0 - clk_wiz_0
Adding component instance block -- xilinx.com:ip:mig_7series:4.2 - mig_7series_0
Adding component instance block -- xilinx.com:ip:microblaze:11.0 - microblaze_0
Adding component instance block -- xilinx.com:ip:lmb_v10:3.0 - dlmb_v10
Adding component instance block -- xilinx.com:ip:lmb_v10:3.0 - ilmb_v10
Adding component instance block -- xilinx.com:ip:lmb_bram_if_cntlr:4.0 - dlmb_bram_if_cntlr
Adding component instance block -- xilinx.com:ip:lmb_bram_if_cntlr:4.0 - ilmb_bram_if_cntlr
Adding component instance block -- xilinx.com:ip:blk_mem_gen:8.4 - lmb_bram
Adding component instance block -- xilinx.com:ip:axi_interconnect:2.1 - microblaze_0_axi_periph
Adding component instance block -- xilinx.com:ip:axi_crossbar:2.1 - xbar
Adding component instance block -- xilinx.com:ip:axi_intc:4.1 - microblaze_0_axi_intc
Adding component instance block -- xilinx.com:ip:xlconcat:2.1 - microblaze_0_xlconcat
Adding component instance block -- xilinx.com:ip:mdm:3.2 - mdm_1
Adding component instance block -- xilinx.com:ip:proc_sys_reset:5.0 - rst_mig_7series_0_83M
Adding component instance block -- xilinx.com:ip:smartconnect:1.0 - axi_smc
Adding component instance block -- xilinx.com:ip:axi_ethernetlite:3.0 - axi_ethernetlite_0
Adding component instance block -- xilinx.com:ip:axi_quad_spi:3.2 - axi_quad_spi_0
Adding component instance block -- xilinx.com:ip:axi_gpio:2.0 - axi_gpio_0
Adding component instance block -- xilinx.com:ip:axi_gpio:2.0 - axi_gpio_1
Adding component instance block -- xilinx.com:ip:axi_uartlite:2.0 - axi_uartlite_0
Adding component instance block -- xilinx.com:ip:axi_timer:2.0 - axi_timer_0
Successfully read diagram <design_1> from BD file <D:/XILINX2019/arty_base/arty_base.srcs/sources_1/bd/design_1/design_1.bd>
open_bd_design: Time (s): cpu = 00:00:11 ; elapsed = 00:00:49 . Memory (MB): peak = 919.758 ; gain = 71.867
launch_sdk -workspace D:/XILINX2019/arty_base/arty_base.sdk -hwspec D:/XILINX2019/arty_base/arty_base.sdk/design_1_wrapper.hdf
INFO: [Vivado 12-393] Launching SDK...
INFO: [Vivado 12-417] Running xsdk -workspace D:/XILINX2019/arty_base/arty_base.sdk -hwspec D:/XILINX2019/arty_base/arty_base.sdk/design_1_wrapper.hdf
INFO: [Vivado 12-3157] SDK launch initiated. Please check console for any further messages.
exit
INFO: [Common 17-206] Exiting Vivado at Thu Jun  1 21:52:10 2023...
