
*** Running vivado
    with args -log design_1_wrapper.vds -m64 -product Vivado -mode batch -messageDb vivado.pb -notrace -source design_1_wrapper.tcl


****** Vivado v2019.1 (64-bit)
  **** SW Build 2552052 on Fri May 24 14:49:42 MDT 2019
  **** IP Build 2548770 on Fri May 24 18:01:18 MDT 2019
    ** Copyright 1986-2019 Xilinx, Inc. All Rights Reserved.

source design_1_wrapper.tcl -notrace
create_project: Time (s): cpu = 00:00:01 ; elapsed = 00:00:06 . Memory (MB): peak = 281.871 ; gain = 0.000
INFO: [IP_Flow 19-234] Refreshing IP repositories
INFO: [IP_Flow 19-1704] No user IP repositories specified
INFO: [IP_Flow 19-2313] Loaded Vivado IP repository 'D:/XILINX2019/Vivado/2019.1/data/ip'.
add_files: Time (s): cpu = 00:00:10 ; elapsed = 00:00:38 . Memory (MB): peak = 346.047 ; gain = 64.176
Command: synth_design -top design_1_wrapper -part xc7a35ticsg324-1L
Starting synth_design
Attempting to get a license for feature 'Synthesis' and/or device 'xc7a35ti'
INFO: [Common 17-349] Got license for feature 'Synthesis' and/or device 'xc7a35ti'
INFO: [Device 21-403] Loading part xc7a35ticsg324-1L
INFO: Launching helper process for spawning children vivado processes
INFO: Helper process launched with PID 5620 
---------------------------------------------------------------------------------
Starting RTL Elaboration : Time (s): cpu = 00:00:06 ; elapsed = 00:00:17 . Memory (MB): peak = 789.664 ; gain = 177.594
---------------------------------------------------------------------------------
INFO: [Synth 8-638] synthesizing module 'design_1_wrapper' [D:/XILINX2019/arty_base/arty_base.srcs/sources_1/bd/design_1/hdl/design_1_wrapper.vhd:61]
INFO: [Synth 8-3491] module 'design_1' declared at 'D:/XILINX2019/arty_base/arty_base.srcs/sources_1/bd/design_1/synth/design_1.vhd:2499' bound to instance 'design_1_i' of component 'design_1' [D:/XILINX2019/arty_base/arty_base.srcs/sources_1/bd/design_1/hdl/design_1_wrapper.vhd:152]
INFO: [Synth 8-638] synthesizing module 'design_1' [D:/XILINX2019/arty_base/arty_base.srcs/sources_1/bd/design_1/synth/design_1.vhd:2564]
INFO: [Synth 8-3491] module 'design_1_axi_ethernetlite_0_0' declared at 'D:/XILINX2019/arty_base/arty_base.runs/synth_1/.Xil/Vivado-13288-LAPTOP-04PTB4FM/realtime/design_1_axi_ethernetlite_0_0_stub.vhdl:5' bound to instance 'axi_ethernetlite_0' of component 'design_1_axi_ethernetlite_0_0' [D:/XILINX2019/arty_base/arty_base.srcs/sources_1/bd/design_1/synth/design_1.vhd:3577]
INFO: [Synth 8-638] synthesizing module 'design_1_axi_ethernetlite_0_0' [D:/XILINX2019/arty_base/arty_base.runs/synth_1/.Xil/Vivado-13288-LAPTOP-04PTB4FM/realtime/design_1_axi_ethernetlite_0_0_stub.vhdl:45]
INFO: [Synth 8-3491] module 'design_1_axi_gpio_0_0' declared at 'D:/XILINX2019/arty_base/arty_base.runs/synth_1/.Xil/Vivado-13288-LAPTOP-04PTB4FM/realtime/design_1_axi_gpio_0_0_stub.vhdl:5' bound to instance 'axi_gpio_0' of component 'design_1_axi_gpio_0_0' [D:/XILINX2019/arty_base/arty_base.srcs/sources_1/bd/design_1/synth/design_1.vhd:3614]
INFO: [Synth 8-638] synthesizing module 'design_1_axi_gpio_0_0' [D:/XILINX2019/arty_base/arty_base.runs/synth_1/.Xil/Vivado-13288-LAPTOP-04PTB4FM/realtime/design_1_axi_gpio_0_0_stub.vhdl:32]
INFO: [Synth 8-3491] module 'design_1_axi_gpio_1_0' declared at 'D:/XILINX2019/arty_base/arty_base.runs/synth_1/.Xil/Vivado-13288-LAPTOP-04PTB4FM/realtime/design_1_axi_gpio_1_0_stub.vhdl:5' bound to instance 'axi_gpio_1' of component 'design_1_axi_gpio_1_0' [D:/XILINX2019/arty_base/arty_base.srcs/sources_1/bd/design_1/synth/design_1.vhd:3638]
INFO: [Synth 8-638] synthesizing module 'design_1_axi_gpio_1_0' [D:/XILINX2019/arty_base/arty_base.runs/synth_1/.Xil/Vivado-13288-LAPTOP-04PTB4FM/realtime/design_1_axi_gpio_1_0_stub.vhdl:32]
INFO: [Synth 8-3491] module 'design_1_axi_quad_spi_0_0' declared at 'D:/XILINX2019/arty_base/arty_base.runs/synth_1/.Xil/Vivado-13288-LAPTOP-04PTB4FM/realtime/design_1_axi_quad_spi_0_0_stub.vhdl:5' bound to instance 'axi_quad_spi_0' of component 'design_1_axi_quad_spi_0_0' [D:/XILINX2019/arty_base/arty_base.srcs/sources_1/bd/design_1/synth/design_1.vhd:3662]
INFO: [Synth 8-638] synthesizing module 'design_1_axi_quad_spi_0_0' [D:/XILINX2019/arty_base/arty_base.runs/synth_1/.Xil/Vivado-13288-LAPTOP-04PTB4FM/realtime/design_1_axi_quad_spi_0_0_stub.vhdl:50]
INFO: [Synth 8-3491] module 'design_1_axi_smc_0' declared at 'D:/XILINX2019/arty_base/arty_base.runs/synth_1/.Xil/Vivado-13288-LAPTOP-04PTB4FM/realtime/design_1_axi_smc_0_stub.vhdl:5' bound to instance 'axi_smc' of component 'design_1_axi_smc_0' [D:/XILINX2019/arty_base/arty_base.srcs/sources_1/bd/design_1/synth/design_1.vhd:3704]
INFO: [Synth 8-638] synthesizing module 'design_1_axi_smc_0' [D:/XILINX2019/arty_base/arty_base.runs/synth_1/.Xil/Vivado-13288-LAPTOP-04PTB4FM/realtime/design_1_axi_smc_0_stub.vhdl:94]
INFO: [Synth 8-3491] module 'design_1_axi_timer_0_0' declared at 'D:/XILINX2019/arty_base/arty_base.runs/synth_1/.Xil/Vivado-13288-LAPTOP-04PTB4FM/realtime/design_1_axi_timer_0_0_stub.vhdl:5' bound to instance 'axi_timer_0' of component 'design_1_axi_timer_0_0' [D:/XILINX2019/arty_base/arty_base.srcs/sources_1/bd/design_1/synth/design_1.vhd:3790]
INFO: [Synth 8-638] synthesizing module 'design_1_axi_timer_0_0' [D:/XILINX2019/arty_base/arty_base.runs/synth_1/.Xil/Vivado-13288-LAPTOP-04PTB4FM/realtime/design_1_axi_timer_0_0_stub.vhdl:37]
INFO: [Synth 8-3491] module 'design_1_axi_uartlite_0_0' declared at 'D:/XILINX2019/arty_base/arty_base.runs/synth_1/.Xil/Vivado-13288-LAPTOP-04PTB4FM/realtime/design_1_axi_uartlite_0_0_stub.vhdl:5' bound to instance 'axi_uartlite_0' of component 'design_1_axi_uartlite_0_0' [D:/XILINX2019/arty_base/arty_base.srcs/sources_1/bd/design_1/synth/design_1.vhd:3819]
INFO: [Synth 8-638] synthesizing module 'design_1_axi_uartlite_0_0' [D:/XILINX2019/arty_base/arty_base.runs/synth_1/.Xil/Vivado-13288-LAPTOP-04PTB4FM/realtime/design_1_axi_uartlite_0_0_stub.vhdl:33]
INFO: [Synth 8-3491] module 'design_1_clk_wiz_0_0' declared at 'D:/XILINX2019/arty_base/arty_base.runs/synth_1/.Xil/Vivado-13288-LAPTOP-04PTB4FM/realtime/design_1_clk_wiz_0_0_stub.vhdl:5' bound to instance 'clk_wiz_0' of component 'design_1_clk_wiz_0_0' [D:/XILINX2019/arty_base/arty_base.srcs/sources_1/bd/design_1/synth/design_1.vhd:3844]
INFO: [Synth 8-638] synthesizing module 'design_1_clk_wiz_0_0' [D:/XILINX2019/arty_base/arty_base.runs/synth_1/.Xil/Vivado-13288-LAPTOP-04PTB4FM/realtime/design_1_clk_wiz_0_0_stub.vhdl:17]
INFO: [Synth 8-3491] module 'design_1_mdm_1_0' declared at 'D:/XILINX2019/arty_base/arty_base.runs/synth_1/.Xil/Vivado-13288-LAPTOP-04PTB4FM/realtime/design_1_mdm_1_0_stub.vhdl:5' bound to instance 'mdm_1' of component 'design_1_mdm_1_0' [D:/XILINX2019/arty_base/arty_base.srcs/sources_1/bd/design_1/synth/design_1.vhd:3853]
INFO: [Synth 8-638] synthesizing module 'design_1_mdm_1_0' [D:/XILINX2019/arty_base/arty_base.runs/synth_1/.Xil/Vivado-13288-LAPTOP-04PTB4FM/realtime/design_1_mdm_1_0_stub.vhdl:21]
INFO: [Synth 8-3491] module 'design_1_microblaze_0_0' declared at 'D:/XILINX2019/arty_base/arty_base.runs/synth_1/.Xil/Vivado-13288-LAPTOP-04PTB4FM/realtime/design_1_microblaze_0_0_stub.vhdl:5' bound to instance 'microblaze_0' of component 'design_1_microblaze_0_0' [D:/XILINX2019/arty_base/arty_base.srcs/sources_1/bd/design_1/synth/design_1.vhd:3866]
INFO: [Synth 8-638] synthesizing module 'design_1_microblaze_0_0' [D:/XILINX2019/arty_base/arty_base.runs/synth_1/.Xil/Vivado-13288-LAPTOP-04PTB4FM/realtime/design_1_microblaze_0_0_stub.vhdl:137]
INFO: [Synth 8-3491] module 'design_1_microblaze_0_axi_intc_0' declared at 'D:/XILINX2019/arty_base/arty_base.runs/synth_1/.Xil/Vivado-13288-LAPTOP-04PTB4FM/realtime/design_1_microblaze_0_axi_intc_0_stub.vhdl:5' bound to instance 'microblaze_0_axi_intc' of component 'design_1_microblaze_0_axi_intc_0' [D:/XILINX2019/arty_base/arty_base.srcs/sources_1/bd/design_1/synth/design_1.vhd:4026]
INFO: [Synth 8-638] synthesizing module 'design_1_microblaze_0_axi_intc_0' [D:/XILINX2019/arty_base/arty_base.runs/synth_1/.Xil/Vivado-13288-LAPTOP-04PTB4FM/realtime/design_1_microblaze_0_axi_intc_0_stub.vhdl:36]
INFO: [Synth 8-638] synthesizing module 'design_1_microblaze_0_axi_periph_0' [D:/XILINX2019/arty_base/arty_base.srcs/sources_1/bd/design_1/synth/design_1.vhd:1551]
INFO: [Synth 8-638] synthesizing module 'm00_couplers_imp_8RVYHO' [D:/XILINX2019/arty_base/arty_base.srcs/sources_1/bd/design_1/synth/design_1.vhd:57]
INFO: [Synth 8-256] done synthesizing module 'm00_couplers_imp_8RVYHO' (1#1) [D:/XILINX2019/arty_base/arty_base.srcs/sources_1/bd/design_1/synth/design_1.vhd:57]
INFO: [Synth 8-638] synthesizing module 'm01_couplers_imp_1UTB3Y5' [D:/XILINX2019/arty_base/arty_base.srcs/sources_1/bd/design_1/synth/design_1.vhd:158]
INFO: [Synth 8-256] done synthesizing module 'm01_couplers_imp_1UTB3Y5' (2#1) [D:/XILINX2019/arty_base/arty_base.srcs/sources_1/bd/design_1/synth/design_1.vhd:158]
INFO: [Synth 8-638] synthesizing module 'm02_couplers_imp_7ANRHB' [D:/XILINX2019/arty_base/arty_base.srcs/sources_1/bd/design_1/synth/design_1.vhd:259]
INFO: [Synth 8-256] done synthesizing module 'm02_couplers_imp_7ANRHB' (3#1) [D:/XILINX2019/arty_base/arty_base.srcs/sources_1/bd/design_1/synth/design_1.vhd:259]
INFO: [Synth 8-638] synthesizing module 'm03_couplers_imp_1W07O72' [D:/XILINX2019/arty_base/arty_base.srcs/sources_1/bd/design_1/synth/design_1.vhd:360]
INFO: [Synth 8-256] done synthesizing module 'm03_couplers_imp_1W07O72' (4#1) [D:/XILINX2019/arty_base/arty_base.srcs/sources_1/bd/design_1/synth/design_1.vhd:360]
INFO: [Synth 8-638] synthesizing module 'm04_couplers_imp_5LX7BU' [D:/XILINX2019/arty_base/arty_base.srcs/sources_1/bd/design_1/synth/design_1.vhd:461]
INFO: [Synth 8-256] done synthesizing module 'm04_couplers_imp_5LX7BU' (5#1) [D:/XILINX2019/arty_base/arty_base.srcs/sources_1/bd/design_1/synth/design_1.vhd:461]
INFO: [Synth 8-638] synthesizing module 'm05_couplers_imp_1XR4ZAZ' [D:/XILINX2019/arty_base/arty_base.srcs/sources_1/bd/design_1/synth/design_1.vhd:562]
INFO: [Synth 8-256] done synthesizing module 'm05_couplers_imp_1XR4ZAZ' (6#1) [D:/XILINX2019/arty_base/arty_base.srcs/sources_1/bd/design_1/synth/design_1.vhd:562]
INFO: [Synth 8-638] synthesizing module 'm06_couplers_imp_4YOIXL' [D:/XILINX2019/arty_base/arty_base.srcs/sources_1/bd/design_1/synth/design_1.vhd:663]
INFO: [Synth 8-256] done synthesizing module 'm06_couplers_imp_4YOIXL' (7#1) [D:/XILINX2019/arty_base/arty_base.srcs/sources_1/bd/design_1/synth/design_1.vhd:663]
INFO: [Synth 8-638] synthesizing module 's00_couplers_imp_1RZP34U' [D:/XILINX2019/arty_base/arty_base.srcs/sources_1/bd/design_1/synth/design_1.vhd:1326]
INFO: [Synth 8-256] done synthesizing module 's00_couplers_imp_1RZP34U' (8#1) [D:/XILINX2019/arty_base/arty_base.srcs/sources_1/bd/design_1/synth/design_1.vhd:1326]
INFO: [Synth 8-3491] module 'design_1_xbar_0' declared at 'D:/XILINX2019/arty_base/arty_base.runs/synth_1/.Xil/Vivado-13288-LAPTOP-04PTB4FM/realtime/design_1_xbar_0_stub.vhdl:5' bound to instance 'xbar' of component 'design_1_xbar_0' [D:/XILINX2019/arty_base/arty_base.srcs/sources_1/bd/design_1/synth/design_1.vhd:2349]
INFO: [Synth 8-638] synthesizing module 'design_1_xbar_0' [D:/XILINX2019/arty_base/arty_base.runs/synth_1/.Xil/Vivado-13288-LAPTOP-04PTB4FM/realtime/design_1_xbar_0_stub.vhdl:51]
INFO: [Synth 8-256] done synthesizing module 'design_1_microblaze_0_axi_periph_0' (9#1) [D:/XILINX2019/arty_base/arty_base.srcs/sources_1/bd/design_1/synth/design_1.vhd:1551]
INFO: [Synth 8-638] synthesizing module 'microblaze_0_local_memory_imp_1K0VQXK' [D:/XILINX2019/arty_base/arty_base.srcs/sources_1/bd/design_1/synth/design_1.vhd:747]
INFO: [Synth 8-3491] module 'design_1_dlmb_bram_if_cntlr_0' declared at 'D:/XILINX2019/arty_base/arty_base.runs/synth_1/.Xil/Vivado-13288-LAPTOP-04PTB4FM/realtime/design_1_dlmb_bram_if_cntlr_0_stub.vhdl:5' bound to instance 'dlmb_bram_if_cntlr' of component 'design_1_dlmb_bram_if_cntlr_0' [D:/XILINX2019/arty_base/arty_base.srcs/sources_1/bd/design_1/synth/design_1.vhd:961]
INFO: [Synth 8-638] synthesizing module 'design_1_dlmb_bram_if_cntlr_0' [D:/XILINX2019/arty_base/arty_base.runs/synth_1/.Xil/Vivado-13288-LAPTOP-04PTB4FM/realtime/design_1_dlmb_bram_if_cntlr_0_stub.vhdl:31]
INFO: [Synth 8-3491] module 'design_1_dlmb_v10_0' declared at 'D:/XILINX2019/arty_base/arty_base.runs/synth_1/.Xil/Vivado-13288-LAPTOP-04PTB4FM/realtime/design_1_dlmb_v10_0_stub.vhdl:5' bound to instance 'dlmb_v10' of component 'design_1_dlmb_v10_0' [D:/XILINX2019/arty_base/arty_base.srcs/sources_1/bd/design_1/synth/design_1.vhd:1015]
INFO: [Synth 8-638] synthesizing module 'design_1_dlmb_v10_0' [D:/XILINX2019/arty_base/arty_base.runs/synth_1/.Xil/Vivado-13288-LAPTOP-04PTB4FM/realtime/design_1_dlmb_v10_0_stub.vhdl:36]
INFO: [Synth 8-3491] module 'design_1_ilmb_bram_if_cntlr_0' declared at 'D:/XILINX2019/arty_base/arty_base.runs/synth_1/.Xil/Vivado-13288-LAPTOP-04PTB4FM/realtime/design_1_ilmb_bram_if_cntlr_0_stub.vhdl:5' bound to instance 'ilmb_bram_if_cntlr' of component 'design_1_ilmb_bram_if_cntlr_0' [D:/XILINX2019/arty_base/arty_base.srcs/sources_1/bd/design_1/synth/design_1.vhd:1043]
INFO: [Synth 8-638] synthesizing module 'design_1_ilmb_bram_if_cntlr_0' [D:/XILINX2019/arty_base/arty_base.runs/synth_1/.Xil/Vivado-13288-LAPTOP-04PTB4FM/realtime/design_1_ilmb_bram_if_cntlr_0_stub.vhdl:31]
INFO: [Synth 8-3491] module 'design_1_ilmb_v10_0' declared at 'D:/XILINX2019/arty_base/arty_base.runs/synth_1/.Xil/Vivado-13288-LAPTOP-04PTB4FM/realtime/design_1_ilmb_v10_0_stub.vhdl:5' bound to instance 'ilmb_v10' of component 'design_1_ilmb_v10_0' [D:/XILINX2019/arty_base/arty_base.srcs/sources_1/bd/design_1/synth/design_1.vhd:1097]
INFO: [Synth 8-638] synthesizing module 'design_1_ilmb_v10_0' [D:/XILINX2019/arty_base/arty_base.runs/synth_1/.Xil/Vivado-13288-LAPTOP-04PTB4FM/realtime/design_1_ilmb_v10_0_stub.vhdl:36]
INFO: [Synth 8-3491] module 'design_1_lmb_bram_0' declared at 'D:/XILINX2019/arty_base/arty_base.runs/synth_1/.Xil/Vivado-13288-LAPTOP-04PTB4FM/realtime/design_1_lmb_bram_0_stub.vhdl:5' bound to instance 'lmb_bram' of component 'design_1_lmb_bram_0' [D:/XILINX2019/arty_base/arty_base.srcs/sources_1/bd/design_1/synth/design_1.vhd:1125]
INFO: [Synth 8-638] synthesizing module 'design_1_lmb_bram_0' [D:/XILINX2019/arty_base/arty_base.runs/synth_1/.Xil/Vivado-13288-LAPTOP-04PTB4FM/realtime/design_1_lmb_bram_0_stub.vhdl:27]
INFO: [Synth 8-256] done synthesizing module 'microblaze_0_local_memory_imp_1K0VQXK' (10#1) [D:/XILINX2019/arty_base/arty_base.srcs/sources_1/bd/design_1/synth/design_1.vhd:747]
INFO: [Synth 8-3491] module 'design_1_microblaze_0_xlconcat_0' declared at 'd:/XILINX2019/arty_base/arty_base.srcs/sources_1/bd/design_1/ip/design_1_microblaze_0_xlconcat_0/synth/design_1_microblaze_0_xlconcat_0.v:58' bound to instance 'microblaze_0_xlconcat' of component 'design_1_microblaze_0_xlconcat_0' [D:/XILINX2019/arty_base/arty_base.srcs/sources_1/bd/design_1/synth/design_1.vhd:4238]
INFO: [Synth 8-6157] synthesizing module 'design_1_microblaze_0_xlconcat_0' [d:/XILINX2019/arty_base/arty_base.srcs/sources_1/bd/design_1/ip/design_1_microblaze_0_xlconcat_0/synth/design_1_microblaze_0_xlconcat_0.v:58]
INFO: [Synth 8-6157] synthesizing module 'xlconcat_v2_1_3_xlconcat' [d:/XILINX2019/arty_base/arty_base.srcs/sources_1/bd/design_1/ipshared/442e/hdl/xlconcat_v2_1_vl_rfs.v:14]
	Parameter IN0_WIDTH bound to: 1 - type: integer 
	Parameter IN1_WIDTH bound to: 1 - type: integer 
	Parameter IN2_WIDTH bound to: 1 - type: integer 
	Parameter IN3_WIDTH bound to: 1 - type: integer 
	Parameter IN4_WIDTH bound to: 1 - type: integer 
	Parameter IN5_WIDTH bound to: 1 - type: integer 
	Parameter IN6_WIDTH bound to: 1 - type: integer 
	Parameter IN7_WIDTH bound to: 1 - type: integer 
	Parameter IN8_WIDTH bound to: 1 - type: integer 
	Parameter IN9_WIDTH bound to: 1 - type: integer 
	Parameter IN10_WIDTH bound to: 1 - type: integer 
	Parameter IN11_WIDTH bound to: 1 - type: integer 
	Parameter IN12_WIDTH bound to: 1 - type: integer 
	Parameter IN13_WIDTH bound to: 1 - type: integer 
	Parameter IN14_WIDTH bound to: 1 - type: integer 
	Parameter IN15_WIDTH bound to: 1 - type: integer 
	Parameter IN16_WIDTH bound to: 1 - type: integer 
	Parameter IN17_WIDTH bound to: 1 - type: integer 
	Parameter IN18_WIDTH bound to: 1 - type: integer 
	Parameter IN19_WIDTH bound to: 1 - type: integer 
	Parameter IN20_WIDTH bound to: 1 - type: integer 
	Parameter IN21_WIDTH bound to: 1 - type: integer 
	Parameter IN22_WIDTH bound to: 1 - type: integer 
	Parameter IN23_WIDTH bound to: 1 - type: integer 
	Parameter IN24_WIDTH bound to: 1 - type: integer 
	Parameter IN25_WIDTH bound to: 1 - type: integer 
	Parameter IN26_WIDTH bound to: 1 - type: integer 
	Parameter IN27_WIDTH bound to: 1 - type: integer 
	Parameter IN28_WIDTH bound to: 1 - type: integer 
	Parameter IN29_WIDTH bound to: 1 - type: integer 
	Parameter IN30_WIDTH bound to: 1 - type: integer 
	Parameter IN31_WIDTH bound to: 1 - type: integer 
	Parameter dout_width bound to: 4 - type: integer 
	Parameter NUM_PORTS bound to: 4 - type: integer 
INFO: [Synth 8-6155] done synthesizing module 'xlconcat_v2_1_3_xlconcat' (11#1) [d:/XILINX2019/arty_base/arty_base.srcs/sources_1/bd/design_1/ipshared/442e/hdl/xlconcat_v2_1_vl_rfs.v:14]
INFO: [Synth 8-6155] done synthesizing module 'design_1_microblaze_0_xlconcat_0' (12#1) [d:/XILINX2019/arty_base/arty_base.srcs/sources_1/bd/design_1/ip/design_1_microblaze_0_xlconcat_0/synth/design_1_microblaze_0_xlconcat_0.v:58]
WARNING: [Synth 8-5640] Port 'app_sr_active' is missing in component declaration [D:/XILINX2019/arty_base/arty_base.srcs/sources_1/bd/design_1/synth/design_1.vhd:2575]
WARNING: [Synth 8-5640] Port 'app_ref_ack' is missing in component declaration [D:/XILINX2019/arty_base/arty_base.srcs/sources_1/bd/design_1/synth/design_1.vhd:2575]
WARNING: [Synth 8-5640] Port 'app_zq_ack' is missing in component declaration [D:/XILINX2019/arty_base/arty_base.srcs/sources_1/bd/design_1/synth/design_1.vhd:2575]
WARNING: [Synth 8-5640] Port 'device_temp' is missing in component declaration [D:/XILINX2019/arty_base/arty_base.srcs/sources_1/bd/design_1/synth/design_1.vhd:2575]
INFO: [Synth 8-3491] module 'design_1_mig_7series_0_0' declared at 'D:/XILINX2019/arty_base/arty_base.runs/synth_1/.Xil/Vivado-13288-LAPTOP-04PTB4FM/realtime/design_1_mig_7series_0_0_stub.vhdl:5' bound to instance 'mig_7series_0' of component 'design_1_mig_7series_0_0' [D:/XILINX2019/arty_base/arty_base.srcs/sources_1/bd/design_1/synth/design_1.vhd:4246]
INFO: [Synth 8-638] synthesizing module 'design_1_mig_7series_0_0' [D:/XILINX2019/arty_base/arty_base.runs/synth_1/.Xil/Vivado-13288-LAPTOP-04PTB4FM/realtime/design_1_mig_7series_0_0_stub.vhdl:75]
INFO: [Synth 8-3491] module 'design_1_rst_mig_7series_0_83M_0' declared at 'D:/XILINX2019/arty_base/arty_base.runs/synth_1/.Xil/Vivado-13288-LAPTOP-04PTB4FM/realtime/design_1_rst_mig_7series_0_83M_0_stub.vhdl:5' bound to instance 'rst_mig_7series_0_83M' of component 'design_1_rst_mig_7series_0_83M_0' [D:/XILINX2019/arty_base/arty_base.srcs/sources_1/bd/design_1/synth/design_1.vhd:4309]
INFO: [Synth 8-638] synthesizing module 'design_1_rst_mig_7series_0_83M_0' [D:/XILINX2019/arty_base/arty_base.runs/synth_1/.Xil/Vivado-13288-LAPTOP-04PTB4FM/realtime/design_1_rst_mig_7series_0_83M_0_stub.vhdl:21]
INFO: [Synth 8-256] done synthesizing module 'design_1' (13#1) [D:/XILINX2019/arty_base/arty_base.srcs/sources_1/bd/design_1/synth/design_1.vhd:2564]
INFO: [Synth 8-3491] module 'IOBUF' declared at 'D:/XILINX2019/Vivado/2019.1/scripts/rt/data/unisim_comp.v:36115' bound to instance 'eth_mdio_mdc_mdio_iobuf' of component 'IOBUF' [D:/XILINX2019/arty_base/arty_base.srcs/sources_1/bd/design_1/hdl/design_1_wrapper.vhd:211]
INFO: [Synth 8-6157] synthesizing module 'IOBUF' [D:/XILINX2019/Vivado/2019.1/scripts/rt/data/unisim_comp.v:36115]
	Parameter DRIVE bound to: 12 - type: integer 
	Parameter IBUF_LOW_PWR bound to: TRUE - type: string 
	Parameter IOSTANDARD bound to: DEFAULT - type: string 
	Parameter SLEW bound to: SLOW - type: string 
INFO: [Synth 8-6155] done synthesizing module 'IOBUF' (14#1) [D:/XILINX2019/Vivado/2019.1/scripts/rt/data/unisim_comp.v:36115]
INFO: [Synth 8-3491] module 'IOBUF' declared at 'D:/XILINX2019/Vivado/2019.1/scripts/rt/data/unisim_comp.v:36115' bound to instance 'qspi_flash_io0_iobuf' of component 'IOBUF' [D:/XILINX2019/arty_base/arty_base.srcs/sources_1/bd/design_1/hdl/design_1_wrapper.vhd:218]
INFO: [Synth 8-3491] module 'IOBUF' declared at 'D:/XILINX2019/Vivado/2019.1/scripts/rt/data/unisim_comp.v:36115' bound to instance 'qspi_flash_io1_iobuf' of component 'IOBUF' [D:/XILINX2019/arty_base/arty_base.srcs/sources_1/bd/design_1/hdl/design_1_wrapper.vhd:225]
INFO: [Synth 8-3491] module 'IOBUF' declared at 'D:/XILINX2019/Vivado/2019.1/scripts/rt/data/unisim_comp.v:36115' bound to instance 'qspi_flash_io2_iobuf' of component 'IOBUF' [D:/XILINX2019/arty_base/arty_base.srcs/sources_1/bd/design_1/hdl/design_1_wrapper.vhd:232]
INFO: [Synth 8-3491] module 'IOBUF' declared at 'D:/XILINX2019/Vivado/2019.1/scripts/rt/data/unisim_comp.v:36115' bound to instance 'qspi_flash_io3_iobuf' of component 'IOBUF' [D:/XILINX2019/arty_base/arty_base.srcs/sources_1/bd/design_1/hdl/design_1_wrapper.vhd:239]
INFO: [Synth 8-3491] module 'IOBUF' declared at 'D:/XILINX2019/Vivado/2019.1/scripts/rt/data/unisim_comp.v:36115' bound to instance 'qspi_flash_sck_iobuf' of component 'IOBUF' [D:/XILINX2019/arty_base/arty_base.srcs/sources_1/bd/design_1/hdl/design_1_wrapper.vhd:246]
INFO: [Synth 8-3491] module 'IOBUF' declared at 'D:/XILINX2019/Vivado/2019.1/scripts/rt/data/unisim_comp.v:36115' bound to instance 'qspi_flash_ss_iobuf' of component 'IOBUF' [D:/XILINX2019/arty_base/arty_base.srcs/sources_1/bd/design_1/hdl/design_1_wrapper.vhd:253]
INFO: [Synth 8-256] done synthesizing module 'design_1_wrapper' (15#1) [D:/XILINX2019/arty_base/arty_base.srcs/sources_1/bd/design_1/hdl/design_1_wrapper.vhd:61]
WARNING: [Synth 8-3331] design xlconcat_v2_1_3_xlconcat has unconnected port In4[0]
WARNING: [Synth 8-3331] design xlconcat_v2_1_3_xlconcat has unconnected port In5[0]
WARNING: [Synth 8-3331] design xlconcat_v2_1_3_xlconcat has unconnected port In6[0]
WARNING: [Synth 8-3331] design xlconcat_v2_1_3_xlconcat has unconnected port In7[0]
WARNING: [Synth 8-3331] design xlconcat_v2_1_3_xlconcat has unconnected port In8[0]
WARNING: [Synth 8-3331] design xlconcat_v2_1_3_xlconcat has unconnected port In9[0]
WARNING: [Synth 8-3331] design xlconcat_v2_1_3_xlconcat has unconnected port In10[0]
WARNING: [Synth 8-3331] design xlconcat_v2_1_3_xlconcat has unconnected port In11[0]
WARNING: [Synth 8-3331] design xlconcat_v2_1_3_xlconcat has unconnected port In12[0]
WARNING: [Synth 8-3331] design xlconcat_v2_1_3_xlconcat has unconnected port In13[0]
WARNING: [Synth 8-3331] design xlconcat_v2_1_3_xlconcat has unconnected port In14[0]
WARNING: [Synth 8-3331] design xlconcat_v2_1_3_xlconcat has unconnected port In15[0]
WARNING: [Synth 8-3331] design xlconcat_v2_1_3_xlconcat has unconnected port In16[0]
WARNING: [Synth 8-3331] design xlconcat_v2_1_3_xlconcat has unconnected port In17[0]
WARNING: [Synth 8-3331] design xlconcat_v2_1_3_xlconcat has unconnected port In18[0]
WARNING: [Synth 8-3331] design xlconcat_v2_1_3_xlconcat has unconnected port In19[0]
WARNING: [Synth 8-3331] design xlconcat_v2_1_3_xlconcat has unconnected port In20[0]
WARNING: [Synth 8-3331] design xlconcat_v2_1_3_xlconcat has unconnected port In21[0]
WARNING: [Synth 8-3331] design xlconcat_v2_1_3_xlconcat has unconnected port In22[0]
WARNING: [Synth 8-3331] design xlconcat_v2_1_3_xlconcat has unconnected port In23[0]
WARNING: [Synth 8-3331] design xlconcat_v2_1_3_xlconcat has unconnected port In24[0]
WARNING: [Synth 8-3331] design xlconcat_v2_1_3_xlconcat has unconnected port In25[0]
WARNING: [Synth 8-3331] design xlconcat_v2_1_3_xlconcat has unconnected port In26[0]
WARNING: [Synth 8-3331] design xlconcat_v2_1_3_xlconcat has unconnected port In27[0]
WARNING: [Synth 8-3331] design xlconcat_v2_1_3_xlconcat has unconnected port In28[0]
WARNING: [Synth 8-3331] design xlconcat_v2_1_3_xlconcat has unconnected port In29[0]
WARNING: [Synth 8-3331] design xlconcat_v2_1_3_xlconcat has unconnected port In30[0]
WARNING: [Synth 8-3331] design xlconcat_v2_1_3_xlconcat has unconnected port In31[0]
WARNING: [Synth 8-3331] design s00_couplers_imp_1RZP34U has unconnected port M_ACLK
WARNING: [Synth 8-3331] design s00_couplers_imp_1RZP34U has unconnected port M_ARESETN
WARNING: [Synth 8-3331] design s00_couplers_imp_1RZP34U has unconnected port S_ACLK
WARNING: [Synth 8-3331] design s00_couplers_imp_1RZP34U has unconnected port S_ARESETN
WARNING: [Synth 8-3331] design m06_couplers_imp_4YOIXL has unconnected port M_ACLK
WARNING: [Synth 8-3331] design m06_couplers_imp_4YOIXL has unconnected port M_ARESETN
WARNING: [Synth 8-3331] design m06_couplers_imp_4YOIXL has unconnected port S_ACLK
WARNING: [Synth 8-3331] design m06_couplers_imp_4YOIXL has unconnected port S_ARESETN
WARNING: [Synth 8-3331] design m05_couplers_imp_1XR4ZAZ has unconnected port M_ACLK
WARNING: [Synth 8-3331] design m05_couplers_imp_1XR4ZAZ has unconnected port M_ARESETN
WARNING: [Synth 8-3331] design m05_couplers_imp_1XR4ZAZ has unconnected port S_ACLK
WARNING: [Synth 8-3331] design m05_couplers_imp_1XR4ZAZ has unconnected port S_ARESETN
WARNING: [Synth 8-3331] design m04_couplers_imp_5LX7BU has unconnected port M_ACLK
WARNING: [Synth 8-3331] design m04_couplers_imp_5LX7BU has unconnected port M_ARESETN
WARNING: [Synth 8-3331] design m04_couplers_imp_5LX7BU has unconnected port S_ACLK
WARNING: [Synth 8-3331] design m04_couplers_imp_5LX7BU has unconnected port S_ARESETN
WARNING: [Synth 8-3331] design m03_couplers_imp_1W07O72 has unconnected port M_ACLK
WARNING: [Synth 8-3331] design m03_couplers_imp_1W07O72 has unconnected port M_ARESETN
WARNING: [Synth 8-3331] design m03_couplers_imp_1W07O72 has unconnected port S_ACLK
WARNING: [Synth 8-3331] design m03_couplers_imp_1W07O72 has unconnected port S_ARESETN
WARNING: [Synth 8-3331] design m02_couplers_imp_7ANRHB has unconnected port M_ACLK
WARNING: [Synth 8-3331] design m02_couplers_imp_7ANRHB has unconnected port M_ARESETN
WARNING: [Synth 8-3331] design m02_couplers_imp_7ANRHB has unconnected port S_ACLK
WARNING: [Synth 8-3331] design m02_couplers_imp_7ANRHB has unconnected port S_ARESETN
WARNING: [Synth 8-3331] design m01_couplers_imp_1UTB3Y5 has unconnected port M_ACLK
WARNING: [Synth 8-3331] design m01_couplers_imp_1UTB3Y5 has unconnected port M_ARESETN
WARNING: [Synth 8-3331] design m01_couplers_imp_1UTB3Y5 has unconnected port S_ACLK
WARNING: [Synth 8-3331] design m01_couplers_imp_1UTB3Y5 has unconnected port S_ARESETN
WARNING: [Synth 8-3331] design m00_couplers_imp_8RVYHO has unconnected port M_ACLK
WARNING: [Synth 8-3331] design m00_couplers_imp_8RVYHO has unconnected port M_ARESETN
WARNING: [Synth 8-3331] design m00_couplers_imp_8RVYHO has unconnected port S_ACLK
WARNING: [Synth 8-3331] design m00_couplers_imp_8RVYHO has unconnected port S_ARESETN
WARNING: [Synth 8-3331] design design_1_microblaze_0_axi_periph_0 has unconnected port M00_ACLK
WARNING: [Synth 8-3331] design design_1_microblaze_0_axi_periph_0 has unconnected port M00_ARESETN
WARNING: [Synth 8-3331] design design_1_microblaze_0_axi_periph_0 has unconnected port M01_ACLK
WARNING: [Synth 8-3331] design design_1_microblaze_0_axi_periph_0 has unconnected port M01_ARESETN
WARNING: [Synth 8-3331] design design_1_microblaze_0_axi_periph_0 has unconnected port M02_ACLK
WARNING: [Synth 8-3331] design design_1_microblaze_0_axi_periph_0 has unconnected port M02_ARESETN
WARNING: [Synth 8-3331] design design_1_microblaze_0_axi_periph_0 has unconnected port M03_ACLK
WARNING: [Synth 8-3331] design design_1_microblaze_0_axi_periph_0 has unconnected port M03_ARESETN
WARNING: [Synth 8-3331] design design_1_microblaze_0_axi_periph_0 has unconnected port M04_ACLK
WARNING: [Synth 8-3331] design design_1_microblaze_0_axi_periph_0 has unconnected port M04_ARESETN
WARNING: [Synth 8-3331] design design_1_microblaze_0_axi_periph_0 has unconnected port M05_ACLK
WARNING: [Synth 8-3331] design design_1_microblaze_0_axi_periph_0 has unconnected port M05_ARESETN
WARNING: [Synth 8-3331] design design_1_microblaze_0_axi_periph_0 has unconnected port M06_ACLK
WARNING: [Synth 8-3331] design design_1_microblaze_0_axi_periph_0 has unconnected port M06_ARESETN
WARNING: [Synth 8-3331] design design_1_microblaze_0_axi_periph_0 has unconnected port S00_ACLK
WARNING: [Synth 8-3331] design design_1_microblaze_0_axi_periph_0 has unconnected port S00_ARESETN
---------------------------------------------------------------------------------
Finished RTL Elaboration : Time (s): cpu = 00:00:08 ; elapsed = 00:00:22 . Memory (MB): peak = 864.922 ; gain = 252.852
---------------------------------------------------------------------------------

Report Check Netlist: 
+------+------------------+-------+---------+-------+------------------+
|      |Item              |Errors |Warnings |Status |Description       |
+------+------------------+-------+---------+-------+------------------+
|1     |multi_driven_nets |      0|        0|Passed |Multi driven nets |
+------+------------------+-------+---------+-------+------------------+
---------------------------------------------------------------------------------
Start Handling Custom Attributes
---------------------------------------------------------------------------------
---------------------------------------------------------------------------------
Finished Handling Custom Attributes : Time (s): cpu = 00:00:08 ; elapsed = 00:00:24 . Memory (MB): peak = 864.922 ; gain = 252.852
---------------------------------------------------------------------------------
---------------------------------------------------------------------------------
Finished RTL Optimization Phase 1 : Time (s): cpu = 00:00:08 ; elapsed = 00:00:24 . Memory (MB): peak = 864.922 ; gain = 252.852
---------------------------------------------------------------------------------
INFO: [Netlist 29-17] Analyzing 7 Unisim elements for replacement
INFO: [Netlist 29-28] Unisim Transformation completed in 0 CPU seconds
INFO: [Project 1-570] Preparing netlist for logic optimization

Processing XDC Constraints
Initializing timing engine
Parsing XDC File [d:/XILINX2019/arty_base/arty_base.srcs/sources_1/bd/design_1/ip/design_1_clk_wiz_0_0/design_1_clk_wiz_0_0/design_1_clk_wiz_0_0_in_context.xdc] for cell 'design_1_i/clk_wiz_0'
Finished Parsing XDC File [d:/XILINX2019/arty_base/arty_base.srcs/sources_1/bd/design_1/ip/design_1_clk_wiz_0_0/design_1_clk_wiz_0_0/design_1_clk_wiz_0_0_in_context.xdc] for cell 'design_1_i/clk_wiz_0'
Parsing XDC File [d:/XILINX2019/arty_base/arty_base.srcs/sources_1/bd/design_1/ip/design_1_mig_7series_0_0/design_1_mig_7series_0_0/design_1_mig_7series_0_0_in_context.xdc] for cell 'design_1_i/mig_7series_0'
Finished Parsing XDC File [d:/XILINX2019/arty_base/arty_base.srcs/sources_1/bd/design_1/ip/design_1_mig_7series_0_0/design_1_mig_7series_0_0/design_1_mig_7series_0_0_in_context.xdc] for cell 'design_1_i/mig_7series_0'
Parsing XDC File [d:/XILINX2019/arty_base/arty_base.srcs/sources_1/bd/design_1/ip/design_1_microblaze_0_0/design_1_microblaze_0_0/design_1_microblaze_0_0_in_context.xdc] for cell 'design_1_i/microblaze_0'
Finished Parsing XDC File [d:/XILINX2019/arty_base/arty_base.srcs/sources_1/bd/design_1/ip/design_1_microblaze_0_0/design_1_microblaze_0_0/design_1_microblaze_0_0_in_context.xdc] for cell 'design_1_i/microblaze_0'
Parsing XDC File [d:/XILINX2019/arty_base/arty_base.srcs/sources_1/bd/design_1/ip/design_1_dlmb_v10_0/design_1_dlmb_v10_0/design_1_dlmb_v10_0_in_context.xdc] for cell 'design_1_i/microblaze_0_local_memory/dlmb_v10'
Finished Parsing XDC File [d:/XILINX2019/arty_base/arty_base.srcs/sources_1/bd/design_1/ip/design_1_dlmb_v10_0/design_1_dlmb_v10_0/design_1_dlmb_v10_0_in_context.xdc] for cell 'design_1_i/microblaze_0_local_memory/dlmb_v10'
Parsing XDC File [d:/XILINX2019/arty_base/arty_base.srcs/sources_1/bd/design_1/ip/design_1_ilmb_v10_0/design_1_ilmb_v10_0/design_1_dlmb_v10_0_in_context.xdc] for cell 'design_1_i/microblaze_0_local_memory/ilmb_v10'
Finished Parsing XDC File [d:/XILINX2019/arty_base/arty_base.srcs/sources_1/bd/design_1/ip/design_1_ilmb_v10_0/design_1_ilmb_v10_0/design_1_dlmb_v10_0_in_context.xdc] for cell 'design_1_i/microblaze_0_local_memory/ilmb_v10'
Parsing XDC File [d:/XILINX2019/arty_base/arty_base.srcs/sources_1/bd/design_1/ip/design_1_dlmb_bram_if_cntlr_0/design_1_dlmb_bram_if_cntlr_0/design_1_dlmb_bram_if_cntlr_0_in_context.xdc] for cell 'design_1_i/microblaze_0_local_memory/dlmb_bram_if_cntlr'
Finished Parsing XDC File [d:/XILINX2019/arty_base/arty_base.srcs/sources_1/bd/design_1/ip/design_1_dlmb_bram_if_cntlr_0/design_1_dlmb_bram_if_cntlr_0/design_1_dlmb_bram_if_cntlr_0_in_context.xdc] for cell 'design_1_i/microblaze_0_local_memory/dlmb_bram_if_cntlr'
Parsing XDC File [d:/XILINX2019/arty_base/arty_base.srcs/sources_1/bd/design_1/ip/design_1_ilmb_bram_if_cntlr_0/design_1_ilmb_bram_if_cntlr_0/design_1_ilmb_bram_if_cntlr_0_in_context.xdc] for cell 'design_1_i/microblaze_0_local_memory/ilmb_bram_if_cntlr'
Finished Parsing XDC File [d:/XILINX2019/arty_base/arty_base.srcs/sources_1/bd/design_1/ip/design_1_ilmb_bram_if_cntlr_0/design_1_ilmb_bram_if_cntlr_0/design_1_ilmb_bram_if_cntlr_0_in_context.xdc] for cell 'design_1_i/microblaze_0_local_memory/ilmb_bram_if_cntlr'
Parsing XDC File [d:/XILINX2019/arty_base/arty_base.srcs/sources_1/bd/design_1/ip/design_1_lmb_bram_0/design_1_lmb_bram_0/design_1_lmb_bram_0_in_context.xdc] for cell 'design_1_i/microblaze_0_local_memory/lmb_bram'
Finished Parsing XDC File [d:/XILINX2019/arty_base/arty_base.srcs/sources_1/bd/design_1/ip/design_1_lmb_bram_0/design_1_lmb_bram_0/design_1_lmb_bram_0_in_context.xdc] for cell 'design_1_i/microblaze_0_local_memory/lmb_bram'
Parsing XDC File [d:/XILINX2019/arty_base/arty_base.srcs/sources_1/bd/design_1/ip/design_1_xbar_0/design_1_xbar_0/design_1_xbar_0_in_context.xdc] for cell 'design_1_i/microblaze_0_axi_periph/xbar'
Finished Parsing XDC File [d:/XILINX2019/arty_base/arty_base.srcs/sources_1/bd/design_1/ip/design_1_xbar_0/design_1_xbar_0/design_1_xbar_0_in_context.xdc] for cell 'design_1_i/microblaze_0_axi_periph/xbar'
Parsing XDC File [d:/XILINX2019/arty_base/arty_base.srcs/sources_1/bd/design_1/ip/design_1_microblaze_0_axi_intc_0/design_1_microblaze_0_axi_intc_0/design_1_microblaze_0_axi_intc_0_in_context.xdc] for cell 'design_1_i/microblaze_0_axi_intc'
Finished Parsing XDC File [d:/XILINX2019/arty_base/arty_base.srcs/sources_1/bd/design_1/ip/design_1_microblaze_0_axi_intc_0/design_1_microblaze_0_axi_intc_0/design_1_microblaze_0_axi_intc_0_in_context.xdc] for cell 'design_1_i/microblaze_0_axi_intc'
Parsing XDC File [d:/XILINX2019/arty_base/arty_base.srcs/sources_1/bd/design_1/ip/design_1_mdm_1_0/design_1_mdm_1_0/design_1_mdm_1_0_in_context.xdc] for cell 'design_1_i/mdm_1'
Finished Parsing XDC File [d:/XILINX2019/arty_base/arty_base.srcs/sources_1/bd/design_1/ip/design_1_mdm_1_0/design_1_mdm_1_0/design_1_mdm_1_0_in_context.xdc] for cell 'design_1_i/mdm_1'
Parsing XDC File [d:/XILINX2019/arty_base/arty_base.srcs/sources_1/bd/design_1/ip/design_1_rst_mig_7series_0_83M_0/design_1_rst_mig_7series_0_83M_0/design_1_rst_mig_7series_0_83M_0_in_context.xdc] for cell 'design_1_i/rst_mig_7series_0_83M'
Finished Parsing XDC File [d:/XILINX2019/arty_base/arty_base.srcs/sources_1/bd/design_1/ip/design_1_rst_mig_7series_0_83M_0/design_1_rst_mig_7series_0_83M_0/design_1_rst_mig_7series_0_83M_0_in_context.xdc] for cell 'design_1_i/rst_mig_7series_0_83M'
Parsing XDC File [d:/XILINX2019/arty_base/arty_base.srcs/sources_1/bd/design_1/ip/design_1_axi_smc_0/design_1_axi_smc_0/design_1_axi_smc_0_in_context.xdc] for cell 'design_1_i/axi_smc'
Finished Parsing XDC File [d:/XILINX2019/arty_base/arty_base.srcs/sources_1/bd/design_1/ip/design_1_axi_smc_0/design_1_axi_smc_0/design_1_axi_smc_0_in_context.xdc] for cell 'design_1_i/axi_smc'
Parsing XDC File [d:/XILINX2019/arty_base/arty_base.srcs/sources_1/bd/design_1/ip/design_1_axi_ethernetlite_0_0/design_1_axi_ethernetlite_0_0/design_1_axi_ethernetlite_0_0_in_context.xdc] for cell 'design_1_i/axi_ethernetlite_0'
Finished Parsing XDC File [d:/XILINX2019/arty_base/arty_base.srcs/sources_1/bd/design_1/ip/design_1_axi_ethernetlite_0_0/design_1_axi_ethernetlite_0_0/design_1_axi_ethernetlite_0_0_in_context.xdc] for cell 'design_1_i/axi_ethernetlite_0'
Parsing XDC File [d:/XILINX2019/arty_base/arty_base.srcs/sources_1/bd/design_1/ip/design_1_axi_quad_spi_0_0/design_1_axi_quad_spi_0_0/design_1_axi_quad_spi_0_0_in_context.xdc] for cell 'design_1_i/axi_quad_spi_0'
Finished Parsing XDC File [d:/XILINX2019/arty_base/arty_base.srcs/sources_1/bd/design_1/ip/design_1_axi_quad_spi_0_0/design_1_axi_quad_spi_0_0/design_1_axi_quad_spi_0_0_in_context.xdc] for cell 'design_1_i/axi_quad_spi_0'
Parsing XDC File [d:/XILINX2019/arty_base/arty_base.srcs/sources_1/bd/design_1/ip/design_1_axi_gpio_0_0/design_1_axi_gpio_0_0/design_1_axi_gpio_0_0_in_context.xdc] for cell 'design_1_i/axi_gpio_0'
Finished Parsing XDC File [d:/XILINX2019/arty_base/arty_base.srcs/sources_1/bd/design_1/ip/design_1_axi_gpio_0_0/design_1_axi_gpio_0_0/design_1_axi_gpio_0_0_in_context.xdc] for cell 'design_1_i/axi_gpio_0'
Parsing XDC File [d:/XILINX2019/arty_base/arty_base.srcs/sources_1/bd/design_1/ip/design_1_axi_gpio_1_0/design_1_axi_gpio_1_0/design_1_axi_gpio_1_0_in_context.xdc] for cell 'design_1_i/axi_gpio_1'
Finished Parsing XDC File [d:/XILINX2019/arty_base/arty_base.srcs/sources_1/bd/design_1/ip/design_1_axi_gpio_1_0/design_1_axi_gpio_1_0/design_1_axi_gpio_1_0_in_context.xdc] for cell 'design_1_i/axi_gpio_1'
Parsing XDC File [d:/XILINX2019/arty_base/arty_base.srcs/sources_1/bd/design_1/ip/design_1_axi_uartlite_0_0/design_1_axi_uartlite_0_0/design_1_axi_uartlite_0_0_in_context.xdc] for cell 'design_1_i/axi_uartlite_0'
Finished Parsing XDC File [d:/XILINX2019/arty_base/arty_base.srcs/sources_1/bd/design_1/ip/design_1_axi_uartlite_0_0/design_1_axi_uartlite_0_0/design_1_axi_uartlite_0_0_in_context.xdc] for cell 'design_1_i/axi_uartlite_0'
Parsing XDC File [d:/XILINX2019/arty_base/arty_base.srcs/sources_1/bd/design_1/ip/design_1_axi_timer_0_0/design_1_axi_timer_0_0/design_1_axi_timer_0_0_in_context.xdc] for cell 'design_1_i/axi_timer_0'
Finished Parsing XDC File [d:/XILINX2019/arty_base/arty_base.srcs/sources_1/bd/design_1/ip/design_1_axi_timer_0_0/design_1_axi_timer_0_0/design_1_axi_timer_0_0_in_context.xdc] for cell 'design_1_i/axi_timer_0'
Parsing XDC File [D:/XILINX2019/arty_base/arty_base.srcs/constrs_1/new/arty.xdc]
Finished Parsing XDC File [D:/XILINX2019/arty_base/arty_base.srcs/constrs_1/new/arty.xdc]
INFO: [Project 1-236] Implementation specific constraints were found while reading constraint file [D:/XILINX2019/arty_base/arty_base.srcs/constrs_1/new/arty.xdc]. These constraints will be ignored for synthesis but will be used in implementation. Impacted constraints are listed in the file [.Xil/design_1_wrapper_propImpl.xdc].
Resolution: To avoid this warning, move constraints listed in [.Xil/design_1_wrapper_propImpl.xdc] to another XDC file and exclude this new file from synthesis with the used_in_synthesis property (File Properties dialog in GUI) and re-run elaboration/synthesis.
Parsing XDC File [D:/XILINX2019/arty_base/arty_base.runs/synth_1/dont_touch.xdc]
Finished Parsing XDC File [D:/XILINX2019/arty_base/arty_base.runs/synth_1/dont_touch.xdc]
Completed Processing XDC Constraints

Netlist sorting complete. Time (s): cpu = 00:00:00 ; elapsed = 00:00:00.001 . Memory (MB): peak = 937.785 ; gain = 0.000
INFO: [Project 1-111] Unisim Transformation Summary:
  A total of 7 instances were transformed.
  IOBUF => IOBUF (IBUF, OBUFT): 7 instances

Constraint Validation Runtime : Time (s): cpu = 00:00:00 ; elapsed = 00:00:00.088 . Memory (MB): peak = 937.785 ; gain = 0.000
WARNING: [Timing 38-316] Clock period '20.000' specified during out-of-context synthesis of instance 'design_1_i/axi_quad_spi_0' at clock pin 'ext_spi_clk' is different from the actual clock period '12.000', this can lead to different synthesis results.
WARNING: [Timing 38-316] Clock period '20.000' specified during out-of-context synthesis of instance 'design_1_i/microblaze_0_local_memory/lmb_bram' at clock pin 'clka' is different from the actual clock period '12.000', this can lead to different synthesis results.
---------------------------------------------------------------------------------
Finished Constraint Validation : Time (s): cpu = 00:00:18 ; elapsed = 00:00:48 . Memory (MB): peak = 939.859 ; gain = 327.789
---------------------------------------------------------------------------------
---------------------------------------------------------------------------------
Start Loading Part and Timing Information
---------------------------------------------------------------------------------
Loading part: xc7a35ticsg324-1L
---------------------------------------------------------------------------------
Finished Loading Part and Timing Information : Time (s): cpu = 00:00:18 ; elapsed = 00:00:48 . Memory (MB): peak = 939.859 ; gain = 327.789
---------------------------------------------------------------------------------
---------------------------------------------------------------------------------
Start Applying 'set_property' XDC Constraints
---------------------------------------------------------------------------------
Applied set_property IO_BUFFER_TYPE = NONE for sys_clock. (constraint file  d:/XILINX2019/arty_base/arty_base.srcs/sources_1/bd/design_1/ip/design_1_clk_wiz_0_0/design_1_clk_wiz_0_0/design_1_clk_wiz_0_0_in_context.xdc, line 5).
Applied set_property CLOCK_BUFFER_TYPE = NONE for sys_clock. (constraint file  d:/XILINX2019/arty_base/arty_base.srcs/sources_1/bd/design_1/ip/design_1_clk_wiz_0_0/design_1_clk_wiz_0_0/design_1_clk_wiz_0_0_in_context.xdc, line 6).
Applied set_property IO_BUFFER_TYPE = NONE for ddr3_sdram_addr[0]. (constraint file  d:/XILINX2019/arty_base/arty_base.srcs/sources_1/bd/design_1/ip/design_1_mig_7series_0_0/design_1_mig_7series_0_0/design_1_mig_7series_0_0_in_context.xdc, line 2).
Applied set_property CLOCK_BUFFER_TYPE = NONE for ddr3_sdram_addr[0]. (constraint file  d:/XILINX2019/arty_base/arty_base.srcs/sources_1/bd/design_1/ip/design_1_mig_7series_0_0/design_1_mig_7series_0_0/design_1_mig_7series_0_0_in_context.xdc, line 3).
Applied set_property IO_BUFFER_TYPE = NONE for ddr3_sdram_addr[10]. (constraint file  d:/XILINX2019/arty_base/arty_base.srcs/sources_1/bd/design_1/ip/design_1_mig_7series_0_0/design_1_mig_7series_0_0/design_1_mig_7series_0_0_in_context.xdc, line 4).
Applied set_property CLOCK_BUFFER_TYPE = NONE for ddr3_sdram_addr[10]. (constraint file  d:/XILINX2019/arty_base/arty_base.srcs/sources_1/bd/design_1/ip/design_1_mig_7series_0_0/design_1_mig_7series_0_0/design_1_mig_7series_0_0_in_context.xdc, line 5).
Applied set_property IO_BUFFER_TYPE = NONE for ddr3_sdram_addr[11]. (constraint file  d:/XILINX2019/arty_base/arty_base.srcs/sources_1/bd/design_1/ip/design_1_mig_7series_0_0/design_1_mig_7series_0_0/design_1_mig_7series_0_0_in_context.xdc, line 6).
Applied set_property CLOCK_BUFFER_TYPE = NONE for ddr3_sdram_addr[11]. (constraint file  d:/XILINX2019/arty_base/arty_base.srcs/sources_1/bd/design_1/ip/design_1_mig_7series_0_0/design_1_mig_7series_0_0/design_1_mig_7series_0_0_in_context.xdc, line 7).
Applied set_property IO_BUFFER_TYPE = NONE for ddr3_sdram_addr[12]. (constraint file  d:/XILINX2019/arty_base/arty_base.srcs/sources_1/bd/design_1/ip/design_1_mig_7series_0_0/design_1_mig_7series_0_0/design_1_mig_7series_0_0_in_context.xdc, line 8).
Applied set_property CLOCK_BUFFER_TYPE = NONE for ddr3_sdram_addr[12]. (constraint file  d:/XILINX2019/arty_base/arty_base.srcs/sources_1/bd/design_1/ip/design_1_mig_7series_0_0/design_1_mig_7series_0_0/design_1_mig_7series_0_0_in_context.xdc, line 9).
Applied set_property IO_BUFFER_TYPE = NONE for ddr3_sdram_addr[13]. (constraint file  d:/XILINX2019/arty_base/arty_base.srcs/sources_1/bd/design_1/ip/design_1_mig_7series_0_0/design_1_mig_7series_0_0/design_1_mig_7series_0_0_in_context.xdc, line 10).
Applied set_property CLOCK_BUFFER_TYPE = NONE for ddr3_sdram_addr[13]. (constraint file  d:/XILINX2019/arty_base/arty_base.srcs/sources_1/bd/design_1/ip/design_1_mig_7series_0_0/design_1_mig_7series_0_0/design_1_mig_7series_0_0_in_context.xdc, line 11).
Applied set_property IO_BUFFER_TYPE = NONE for ddr3_sdram_addr[1]. (constraint file  d:/XILINX2019/arty_base/arty_base.srcs/sources_1/bd/design_1/ip/design_1_mig_7series_0_0/design_1_mig_7series_0_0/design_1_mig_7series_0_0_in_context.xdc, line 12).
Applied set_property CLOCK_BUFFER_TYPE = NONE for ddr3_sdram_addr[1]. (constraint file  d:/XILINX2019/arty_base/arty_base.srcs/sources_1/bd/design_1/ip/design_1_mig_7series_0_0/design_1_mig_7series_0_0/design_1_mig_7series_0_0_in_context.xdc, line 13).
Applied set_property IO_BUFFER_TYPE = NONE for ddr3_sdram_addr[2]. (constraint file  d:/XILINX2019/arty_base/arty_base.srcs/sources_1/bd/design_1/ip/design_1_mig_7series_0_0/design_1_mig_7series_0_0/design_1_mig_7series_0_0_in_context.xdc, line 14).
Applied set_property CLOCK_BUFFER_TYPE = NONE for ddr3_sdram_addr[2]. (constraint file  d:/XILINX2019/arty_base/arty_base.srcs/sources_1/bd/design_1/ip/design_1_mig_7series_0_0/design_1_mig_7series_0_0/design_1_mig_7series_0_0_in_context.xdc, line 15).
Applied set_property IO_BUFFER_TYPE = NONE for ddr3_sdram_addr[3]. (constraint file  d:/XILINX2019/arty_base/arty_base.srcs/sources_1/bd/design_1/ip/design_1_mig_7series_0_0/design_1_mig_7series_0_0/design_1_mig_7series_0_0_in_context.xdc, line 16).
Applied set_property CLOCK_BUFFER_TYPE = NONE for ddr3_sdram_addr[3]. (constraint file  d:/XILINX2019/arty_base/arty_base.srcs/sources_1/bd/design_1/ip/design_1_mig_7series_0_0/design_1_mig_7series_0_0/design_1_mig_7series_0_0_in_context.xdc, line 17).
Applied set_property IO_BUFFER_TYPE = NONE for ddr3_sdram_addr[4]. (constraint file  d:/XILINX2019/arty_base/arty_base.srcs/sources_1/bd/design_1/ip/design_1_mig_7series_0_0/design_1_mig_7series_0_0/design_1_mig_7series_0_0_in_context.xdc, line 18).
Applied set_property CLOCK_BUFFER_TYPE = NONE for ddr3_sdram_addr[4]. (constraint file  d:/XILINX2019/arty_base/arty_base.srcs/sources_1/bd/design_1/ip/design_1_mig_7series_0_0/design_1_mig_7series_0_0/design_1_mig_7series_0_0_in_context.xdc, line 19).
Applied set_property IO_BUFFER_TYPE = NONE for ddr3_sdram_addr[5]. (constraint file  d:/XILINX2019/arty_base/arty_base.srcs/sources_1/bd/design_1/ip/design_1_mig_7series_0_0/design_1_mig_7series_0_0/design_1_mig_7series_0_0_in_context.xdc, line 20).
Applied set_property CLOCK_BUFFER_TYPE = NONE for ddr3_sdram_addr[5]. (constraint file  d:/XILINX2019/arty_base/arty_base.srcs/sources_1/bd/design_1/ip/design_1_mig_7series_0_0/design_1_mig_7series_0_0/design_1_mig_7series_0_0_in_context.xdc, line 21).
Applied set_property IO_BUFFER_TYPE = NONE for ddr3_sdram_addr[6]. (constraint file  d:/XILINX2019/arty_base/arty_base.srcs/sources_1/bd/design_1/ip/design_1_mig_7series_0_0/design_1_mig_7series_0_0/design_1_mig_7series_0_0_in_context.xdc, line 22).
Applied set_property CLOCK_BUFFER_TYPE = NONE for ddr3_sdram_addr[6]. (constraint file  d:/XILINX2019/arty_base/arty_base.srcs/sources_1/bd/design_1/ip/design_1_mig_7series_0_0/design_1_mig_7series_0_0/design_1_mig_7series_0_0_in_context.xdc, line 23).
Applied set_property IO_BUFFER_TYPE = NONE for ddr3_sdram_addr[7]. (constraint file  d:/XILINX2019/arty_base/arty_base.srcs/sources_1/bd/design_1/ip/design_1_mig_7series_0_0/design_1_mig_7series_0_0/design_1_mig_7series_0_0_in_context.xdc, line 24).
Applied set_property CLOCK_BUFFER_TYPE = NONE for ddr3_sdram_addr[7]. (constraint file  d:/XILINX2019/arty_base/arty_base.srcs/sources_1/bd/design_1/ip/design_1_mig_7series_0_0/design_1_mig_7series_0_0/design_1_mig_7series_0_0_in_context.xdc, line 25).
Applied set_property IO_BUFFER_TYPE = NONE for ddr3_sdram_addr[8]. (constraint file  d:/XILINX2019/arty_base/arty_base.srcs/sources_1/bd/design_1/ip/design_1_mig_7series_0_0/design_1_mig_7series_0_0/design_1_mig_7series_0_0_in_context.xdc, line 26).
Applied set_property CLOCK_BUFFER_TYPE = NONE for ddr3_sdram_addr[8]. (constraint file  d:/XILINX2019/arty_base/arty_base.srcs/sources_1/bd/design_1/ip/design_1_mig_7series_0_0/design_1_mig_7series_0_0/design_1_mig_7series_0_0_in_context.xdc, line 27).
Applied set_property IO_BUFFER_TYPE = NONE for ddr3_sdram_addr[9]. (constraint file  d:/XILINX2019/arty_base/arty_base.srcs/sources_1/bd/design_1/ip/design_1_mig_7series_0_0/design_1_mig_7series_0_0/design_1_mig_7series_0_0_in_context.xdc, line 28).
Applied set_property CLOCK_BUFFER_TYPE = NONE for ddr3_sdram_addr[9]. (constraint file  d:/XILINX2019/arty_base/arty_base.srcs/sources_1/bd/design_1/ip/design_1_mig_7series_0_0/design_1_mig_7series_0_0/design_1_mig_7series_0_0_in_context.xdc, line 29).
Applied set_property IO_BUFFER_TYPE = NONE for ddr3_sdram_ba[0]. (constraint file  d:/XILINX2019/arty_base/arty_base.srcs/sources_1/bd/design_1/ip/design_1_mig_7series_0_0/design_1_mig_7series_0_0/design_1_mig_7series_0_0_in_context.xdc, line 30).
Applied set_property CLOCK_BUFFER_TYPE = NONE for ddr3_sdram_ba[0]. (constraint file  d:/XILINX2019/arty_base/arty_base.srcs/sources_1/bd/design_1/ip/design_1_mig_7series_0_0/design_1_mig_7series_0_0/design_1_mig_7series_0_0_in_context.xdc, line 31).
Applied set_property IO_BUFFER_TYPE = NONE for ddr3_sdram_ba[1]. (constraint file  d:/XILINX2019/arty_base/arty_base.srcs/sources_1/bd/design_1/ip/design_1_mig_7series_0_0/design_1_mig_7series_0_0/design_1_mig_7series_0_0_in_context.xdc, line 32).
Applied set_property CLOCK_BUFFER_TYPE = NONE for ddr3_sdram_ba[1]. (constraint file  d:/XILINX2019/arty_base/arty_base.srcs/sources_1/bd/design_1/ip/design_1_mig_7series_0_0/design_1_mig_7series_0_0/design_1_mig_7series_0_0_in_context.xdc, line 33).
Applied set_property IO_BUFFER_TYPE = NONE for ddr3_sdram_ba[2]. (constraint file  d:/XILINX2019/arty_base/arty_base.srcs/sources_1/bd/design_1/ip/design_1_mig_7series_0_0/design_1_mig_7series_0_0/design_1_mig_7series_0_0_in_context.xdc, line 34).
Applied set_property CLOCK_BUFFER_TYPE = NONE for ddr3_sdram_ba[2]. (constraint file  d:/XILINX2019/arty_base/arty_base.srcs/sources_1/bd/design_1/ip/design_1_mig_7series_0_0/design_1_mig_7series_0_0/design_1_mig_7series_0_0_in_context.xdc, line 35).
Applied set_property IO_BUFFER_TYPE = NONE for ddr3_sdram_cas_n. (constraint file  d:/XILINX2019/arty_base/arty_base.srcs/sources_1/bd/design_1/ip/design_1_mig_7series_0_0/design_1_mig_7series_0_0/design_1_mig_7series_0_0_in_context.xdc, line 36).
Applied set_property CLOCK_BUFFER_TYPE = NONE for ddr3_sdram_cas_n. (constraint file  d:/XILINX2019/arty_base/arty_base.srcs/sources_1/bd/design_1/ip/design_1_mig_7series_0_0/design_1_mig_7series_0_0/design_1_mig_7series_0_0_in_context.xdc, line 37).
Applied set_property IO_BUFFER_TYPE = NONE for ddr3_sdram_ck_n[0]. (constraint file  d:/XILINX2019/arty_base/arty_base.srcs/sources_1/bd/design_1/ip/design_1_mig_7series_0_0/design_1_mig_7series_0_0/design_1_mig_7series_0_0_in_context.xdc, line 38).
Applied set_property CLOCK_BUFFER_TYPE = NONE for ddr3_sdram_ck_n[0]. (constraint file  d:/XILINX2019/arty_base/arty_base.srcs/sources_1/bd/design_1/ip/design_1_mig_7series_0_0/design_1_mig_7series_0_0/design_1_mig_7series_0_0_in_context.xdc, line 39).
Applied set_property IO_BUFFER_TYPE = NONE for ddr3_sdram_ck_p[0]. (constraint file  d:/XILINX2019/arty_base/arty_base.srcs/sources_1/bd/design_1/ip/design_1_mig_7series_0_0/design_1_mig_7series_0_0/design_1_mig_7series_0_0_in_context.xdc, line 40).
Applied set_property CLOCK_BUFFER_TYPE = NONE for ddr3_sdram_ck_p[0]. (constraint file  d:/XILINX2019/arty_base/arty_base.srcs/sources_1/bd/design_1/ip/design_1_mig_7series_0_0/design_1_mig_7series_0_0/design_1_mig_7series_0_0_in_context.xdc, line 41).
Applied set_property IO_BUFFER_TYPE = NONE for ddr3_sdram_cke[0]. (constraint file  d:/XILINX2019/arty_base/arty_base.srcs/sources_1/bd/design_1/ip/design_1_mig_7series_0_0/design_1_mig_7series_0_0/design_1_mig_7series_0_0_in_context.xdc, line 42).
Applied set_property CLOCK_BUFFER_TYPE = NONE for ddr3_sdram_cke[0]. (constraint file  d:/XILINX2019/arty_base/arty_base.srcs/sources_1/bd/design_1/ip/design_1_mig_7series_0_0/design_1_mig_7series_0_0/design_1_mig_7series_0_0_in_context.xdc, line 43).
Applied set_property IO_BUFFER_TYPE = NONE for ddr3_sdram_cs_n[0]. (constraint file  d:/XILINX2019/arty_base/arty_base.srcs/sources_1/bd/design_1/ip/design_1_mig_7series_0_0/design_1_mig_7series_0_0/design_1_mig_7series_0_0_in_context.xdc, line 44).
Applied set_property CLOCK_BUFFER_TYPE = NONE for ddr3_sdram_cs_n[0]. (constraint file  d:/XILINX2019/arty_base/arty_base.srcs/sources_1/bd/design_1/ip/design_1_mig_7series_0_0/design_1_mig_7series_0_0/design_1_mig_7series_0_0_in_context.xdc, line 45).
Applied set_property IO_BUFFER_TYPE = NONE for ddr3_sdram_dm[0]. (constraint file  d:/XILINX2019/arty_base/arty_base.srcs/sources_1/bd/design_1/ip/design_1_mig_7series_0_0/design_1_mig_7series_0_0/design_1_mig_7series_0_0_in_context.xdc, line 46).
Applied set_property CLOCK_BUFFER_TYPE = NONE for ddr3_sdram_dm[0]. (constraint file  d:/XILINX2019/arty_base/arty_base.srcs/sources_1/bd/design_1/ip/design_1_mig_7series_0_0/design_1_mig_7series_0_0/design_1_mig_7series_0_0_in_context.xdc, line 47).
Applied set_property IO_BUFFER_TYPE = NONE for ddr3_sdram_dm[1]. (constraint file  d:/XILINX2019/arty_base/arty_base.srcs/sources_1/bd/design_1/ip/design_1_mig_7series_0_0/design_1_mig_7series_0_0/design_1_mig_7series_0_0_in_context.xdc, line 48).
Applied set_property CLOCK_BUFFER_TYPE = NONE for ddr3_sdram_dm[1]. (constraint file  d:/XILINX2019/arty_base/arty_base.srcs/sources_1/bd/design_1/ip/design_1_mig_7series_0_0/design_1_mig_7series_0_0/design_1_mig_7series_0_0_in_context.xdc, line 49).
Applied set_property IO_BUFFER_TYPE = NONE for ddr3_sdram_dq[0]. (constraint file  d:/XILINX2019/arty_base/arty_base.srcs/sources_1/bd/design_1/ip/design_1_mig_7series_0_0/design_1_mig_7series_0_0/design_1_mig_7series_0_0_in_context.xdc, line 50).
Applied set_property CLOCK_BUFFER_TYPE = NONE for ddr3_sdram_dq[0]. (constraint file  d:/XILINX2019/arty_base/arty_base.srcs/sources_1/bd/design_1/ip/design_1_mig_7series_0_0/design_1_mig_7series_0_0/design_1_mig_7series_0_0_in_context.xdc, line 51).
Applied set_property IO_BUFFER_TYPE = NONE for ddr3_sdram_dq[10]. (constraint file  d:/XILINX2019/arty_base/arty_base.srcs/sources_1/bd/design_1/ip/design_1_mig_7series_0_0/design_1_mig_7series_0_0/design_1_mig_7series_0_0_in_context.xdc, line 52).
Applied set_property CLOCK_BUFFER_TYPE = NONE for ddr3_sdram_dq[10]. (constraint file  d:/XILINX2019/arty_base/arty_base.srcs/sources_1/bd/design_1/ip/design_1_mig_7series_0_0/design_1_mig_7series_0_0/design_1_mig_7series_0_0_in_context.xdc, line 53).
Applied set_property IO_BUFFER_TYPE = NONE for ddr3_sdram_dq[11]. (constraint file  d:/XILINX2019/arty_base/arty_base.srcs/sources_1/bd/design_1/ip/design_1_mig_7series_0_0/design_1_mig_7series_0_0/design_1_mig_7series_0_0_in_context.xdc, line 54).
Applied set_property CLOCK_BUFFER_TYPE = NONE for ddr3_sdram_dq[11]. (constraint file  d:/XILINX2019/arty_base/arty_base.srcs/sources_1/bd/design_1/ip/design_1_mig_7series_0_0/design_1_mig_7series_0_0/design_1_mig_7series_0_0_in_context.xdc, line 55).
Applied set_property IO_BUFFER_TYPE = NONE for ddr3_sdram_dq[12]. (constraint file  d:/XILINX2019/arty_base/arty_base.srcs/sources_1/bd/design_1/ip/design_1_mig_7series_0_0/design_1_mig_7series_0_0/design_1_mig_7series_0_0_in_context.xdc, line 56).
Applied set_property CLOCK_BUFFER_TYPE = NONE for ddr3_sdram_dq[12]. (constraint file  d:/XILINX2019/arty_base/arty_base.srcs/sources_1/bd/design_1/ip/design_1_mig_7series_0_0/design_1_mig_7series_0_0/design_1_mig_7series_0_0_in_context.xdc, line 57).
Applied set_property IO_BUFFER_TYPE = NONE for ddr3_sdram_dq[13]. (constraint file  d:/XILINX2019/arty_base/arty_base.srcs/sources_1/bd/design_1/ip/design_1_mig_7series_0_0/design_1_mig_7series_0_0/design_1_mig_7series_0_0_in_context.xdc, line 58).
Applied set_property CLOCK_BUFFER_TYPE = NONE for ddr3_sdram_dq[13]. (constraint file  d:/XILINX2019/arty_base/arty_base.srcs/sources_1/bd/design_1/ip/design_1_mig_7series_0_0/design_1_mig_7series_0_0/design_1_mig_7series_0_0_in_context.xdc, line 59).
Applied set_property IO_BUFFER_TYPE = NONE for ddr3_sdram_dq[14]. (constraint file  d:/XILINX2019/arty_base/arty_base.srcs/sources_1/bd/design_1/ip/design_1_mig_7series_0_0/design_1_mig_7series_0_0/design_1_mig_7series_0_0_in_context.xdc, line 60).
Applied set_property CLOCK_BUFFER_TYPE = NONE for ddr3_sdram_dq[14]. (constraint file  d:/XILINX2019/arty_base/arty_base.srcs/sources_1/bd/design_1/ip/design_1_mig_7series_0_0/design_1_mig_7series_0_0/design_1_mig_7series_0_0_in_context.xdc, line 61).
Applied set_property IO_BUFFER_TYPE = NONE for ddr3_sdram_dq[15]. (constraint file  d:/XILINX2019/arty_base/arty_base.srcs/sources_1/bd/design_1/ip/design_1_mig_7series_0_0/design_1_mig_7series_0_0/design_1_mig_7series_0_0_in_context.xdc, line 62).
Applied set_property CLOCK_BUFFER_TYPE = NONE for ddr3_sdram_dq[15]. (constraint file  d:/XILINX2019/arty_base/arty_base.srcs/sources_1/bd/design_1/ip/design_1_mig_7series_0_0/design_1_mig_7series_0_0/design_1_mig_7series_0_0_in_context.xdc, line 63).
Applied set_property IO_BUFFER_TYPE = NONE for ddr3_sdram_dq[1]. (constraint file  d:/XILINX2019/arty_base/arty_base.srcs/sources_1/bd/design_1/ip/design_1_mig_7series_0_0/design_1_mig_7series_0_0/design_1_mig_7series_0_0_in_context.xdc, line 64).
Applied set_property CLOCK_BUFFER_TYPE = NONE for ddr3_sdram_dq[1]. (constraint file  d:/XILINX2019/arty_base/arty_base.srcs/sources_1/bd/design_1/ip/design_1_mig_7series_0_0/design_1_mig_7series_0_0/design_1_mig_7series_0_0_in_context.xdc, line 65).
Applied set_property IO_BUFFER_TYPE = NONE for ddr3_sdram_dq[2]. (constraint file  d:/XILINX2019/arty_base/arty_base.srcs/sources_1/bd/design_1/ip/design_1_mig_7series_0_0/design_1_mig_7series_0_0/design_1_mig_7series_0_0_in_context.xdc, line 66).
Applied set_property CLOCK_BUFFER_TYPE = NONE for ddr3_sdram_dq[2]. (constraint file  d:/XILINX2019/arty_base/arty_base.srcs/sources_1/bd/design_1/ip/design_1_mig_7series_0_0/design_1_mig_7series_0_0/design_1_mig_7series_0_0_in_context.xdc, line 67).
Applied set_property IO_BUFFER_TYPE = NONE for ddr3_sdram_dq[3]. (constraint file  d:/XILINX2019/arty_base/arty_base.srcs/sources_1/bd/design_1/ip/design_1_mig_7series_0_0/design_1_mig_7series_0_0/design_1_mig_7series_0_0_in_context.xdc, line 68).
Applied set_property CLOCK_BUFFER_TYPE = NONE for ddr3_sdram_dq[3]. (constraint file  d:/XILINX2019/arty_base/arty_base.srcs/sources_1/bd/design_1/ip/design_1_mig_7series_0_0/design_1_mig_7series_0_0/design_1_mig_7series_0_0_in_context.xdc, line 69).
Applied set_property IO_BUFFER_TYPE = NONE for ddr3_sdram_dq[4]. (constraint file  d:/XILINX2019/arty_base/arty_base.srcs/sources_1/bd/design_1/ip/design_1_mig_7series_0_0/design_1_mig_7series_0_0/design_1_mig_7series_0_0_in_context.xdc, line 70).
Applied set_property CLOCK_BUFFER_TYPE = NONE for ddr3_sdram_dq[4]. (constraint file  d:/XILINX2019/arty_base/arty_base.srcs/sources_1/bd/design_1/ip/design_1_mig_7series_0_0/design_1_mig_7series_0_0/design_1_mig_7series_0_0_in_context.xdc, line 71).
Applied set_property IO_BUFFER_TYPE = NONE for ddr3_sdram_dq[5]. (constraint file  d:/XILINX2019/arty_base/arty_base.srcs/sources_1/bd/design_1/ip/design_1_mig_7series_0_0/design_1_mig_7series_0_0/design_1_mig_7series_0_0_in_context.xdc, line 72).
Applied set_property CLOCK_BUFFER_TYPE = NONE for ddr3_sdram_dq[5]. (constraint file  d:/XILINX2019/arty_base/arty_base.srcs/sources_1/bd/design_1/ip/design_1_mig_7series_0_0/design_1_mig_7series_0_0/design_1_mig_7series_0_0_in_context.xdc, line 73).
Applied set_property IO_BUFFER_TYPE = NONE for ddr3_sdram_dq[6]. (constraint file  d:/XILINX2019/arty_base/arty_base.srcs/sources_1/bd/design_1/ip/design_1_mig_7series_0_0/design_1_mig_7series_0_0/design_1_mig_7series_0_0_in_context.xdc, line 74).
Applied set_property CLOCK_BUFFER_TYPE = NONE for ddr3_sdram_dq[6]. (constraint file  d:/XILINX2019/arty_base/arty_base.srcs/sources_1/bd/design_1/ip/design_1_mig_7series_0_0/design_1_mig_7series_0_0/design_1_mig_7series_0_0_in_context.xdc, line 75).
Applied set_property IO_BUFFER_TYPE = NONE for ddr3_sdram_dq[7]. (constraint file  d:/XILINX2019/arty_base/arty_base.srcs/sources_1/bd/design_1/ip/design_1_mig_7series_0_0/design_1_mig_7series_0_0/design_1_mig_7series_0_0_in_context.xdc, line 76).
Applied set_property CLOCK_BUFFER_TYPE = NONE for ddr3_sdram_dq[7]. (constraint file  d:/XILINX2019/arty_base/arty_base.srcs/sources_1/bd/design_1/ip/design_1_mig_7series_0_0/design_1_mig_7series_0_0/design_1_mig_7series_0_0_in_context.xdc, line 77).
Applied set_property IO_BUFFER_TYPE = NONE for ddr3_sdram_dq[8]. (constraint file  d:/XILINX2019/arty_base/arty_base.srcs/sources_1/bd/design_1/ip/design_1_mig_7series_0_0/design_1_mig_7series_0_0/design_1_mig_7series_0_0_in_context.xdc, line 78).
Applied set_property CLOCK_BUFFER_TYPE = NONE for ddr3_sdram_dq[8]. (constraint file  d:/XILINX2019/arty_base/arty_base.srcs/sources_1/bd/design_1/ip/design_1_mig_7series_0_0/design_1_mig_7series_0_0/design_1_mig_7series_0_0_in_context.xdc, line 79).
Applied set_property IO_BUFFER_TYPE = NONE for ddr3_sdram_dq[9]. (constraint file  d:/XILINX2019/arty_base/arty_base.srcs/sources_1/bd/design_1/ip/design_1_mig_7series_0_0/design_1_mig_7series_0_0/design_1_mig_7series_0_0_in_context.xdc, line 80).
Applied set_property CLOCK_BUFFER_TYPE = NONE for ddr3_sdram_dq[9]. (constraint file  d:/XILINX2019/arty_base/arty_base.srcs/sources_1/bd/design_1/ip/design_1_mig_7series_0_0/design_1_mig_7series_0_0/design_1_mig_7series_0_0_in_context.xdc, line 81).
Applied set_property IO_BUFFER_TYPE = NONE for ddr3_sdram_dqs_n[0]. (constraint file  d:/XILINX2019/arty_base/arty_base.srcs/sources_1/bd/design_1/ip/design_1_mig_7series_0_0/design_1_mig_7series_0_0/design_1_mig_7series_0_0_in_context.xdc, line 82).
Applied set_property CLOCK_BUFFER_TYPE = NONE for ddr3_sdram_dqs_n[0]. (constraint file  d:/XILINX2019/arty_base/arty_base.srcs/sources_1/bd/design_1/ip/design_1_mig_7series_0_0/design_1_mig_7series_0_0/design_1_mig_7series_0_0_in_context.xdc, line 83).
Applied set_property IO_BUFFER_TYPE = NONE for ddr3_sdram_dqs_n[1]. (constraint file  d:/XILINX2019/arty_base/arty_base.srcs/sources_1/bd/design_1/ip/design_1_mig_7series_0_0/design_1_mig_7series_0_0/design_1_mig_7series_0_0_in_context.xdc, line 84).
Applied set_property CLOCK_BUFFER_TYPE = NONE for ddr3_sdram_dqs_n[1]. (constraint file  d:/XILINX2019/arty_base/arty_base.srcs/sources_1/bd/design_1/ip/design_1_mig_7series_0_0/design_1_mig_7series_0_0/design_1_mig_7series_0_0_in_context.xdc, line 85).
Applied set_property IO_BUFFER_TYPE = NONE for ddr3_sdram_dqs_p[0]. (constraint file  d:/XILINX2019/arty_base/arty_base.srcs/sources_1/bd/design_1/ip/design_1_mig_7series_0_0/design_1_mig_7series_0_0/design_1_mig_7series_0_0_in_context.xdc, line 86).
Applied set_property CLOCK_BUFFER_TYPE = NONE for ddr3_sdram_dqs_p[0]. (constraint file  d:/XILINX2019/arty_base/arty_base.srcs/sources_1/bd/design_1/ip/design_1_mig_7series_0_0/design_1_mig_7series_0_0/design_1_mig_7series_0_0_in_context.xdc, line 87).
Applied set_property IO_BUFFER_TYPE = NONE for ddr3_sdram_dqs_p[1]. (constraint file  d:/XILINX2019/arty_base/arty_base.srcs/sources_1/bd/design_1/ip/design_1_mig_7series_0_0/design_1_mig_7series_0_0/design_1_mig_7series_0_0_in_context.xdc, line 88).
Applied set_property CLOCK_BUFFER_TYPE = NONE for ddr3_sdram_dqs_p[1]. (constraint file  d:/XILINX2019/arty_base/arty_base.srcs/sources_1/bd/design_1/ip/design_1_mig_7series_0_0/design_1_mig_7series_0_0/design_1_mig_7series_0_0_in_context.xdc, line 89).
Applied set_property IO_BUFFER_TYPE = NONE for ddr3_sdram_odt[0]. (constraint file  d:/XILINX2019/arty_base/arty_base.srcs/sources_1/bd/design_1/ip/design_1_mig_7series_0_0/design_1_mig_7series_0_0/design_1_mig_7series_0_0_in_context.xdc, line 90).
Applied set_property CLOCK_BUFFER_TYPE = NONE for ddr3_sdram_odt[0]. (constraint file  d:/XILINX2019/arty_base/arty_base.srcs/sources_1/bd/design_1/ip/design_1_mig_7series_0_0/design_1_mig_7series_0_0/design_1_mig_7series_0_0_in_context.xdc, line 91).
Applied set_property IO_BUFFER_TYPE = NONE for ddr3_sdram_ras_n. (constraint file  d:/XILINX2019/arty_base/arty_base.srcs/sources_1/bd/design_1/ip/design_1_mig_7series_0_0/design_1_mig_7series_0_0/design_1_mig_7series_0_0_in_context.xdc, line 92).
Applied set_property CLOCK_BUFFER_TYPE = NONE for ddr3_sdram_ras_n. (constraint file  d:/XILINX2019/arty_base/arty_base.srcs/sources_1/bd/design_1/ip/design_1_mig_7series_0_0/design_1_mig_7series_0_0/design_1_mig_7series_0_0_in_context.xdc, line 93).
Applied set_property IO_BUFFER_TYPE = NONE for ddr3_sdram_reset_n. (constraint file  d:/XILINX2019/arty_base/arty_base.srcs/sources_1/bd/design_1/ip/design_1_mig_7series_0_0/design_1_mig_7series_0_0/design_1_mig_7series_0_0_in_context.xdc, line 94).
Applied set_property CLOCK_BUFFER_TYPE = NONE for ddr3_sdram_reset_n. (constraint file  d:/XILINX2019/arty_base/arty_base.srcs/sources_1/bd/design_1/ip/design_1_mig_7series_0_0/design_1_mig_7series_0_0/design_1_mig_7series_0_0_in_context.xdc, line 95).
Applied set_property IO_BUFFER_TYPE = NONE for ddr3_sdram_we_n. (constraint file  d:/XILINX2019/arty_base/arty_base.srcs/sources_1/bd/design_1/ip/design_1_mig_7series_0_0/design_1_mig_7series_0_0/design_1_mig_7series_0_0_in_context.xdc, line 96).
Applied set_property CLOCK_BUFFER_TYPE = NONE for ddr3_sdram_we_n. (constraint file  d:/XILINX2019/arty_base/arty_base.srcs/sources_1/bd/design_1/ip/design_1_mig_7series_0_0/design_1_mig_7series_0_0/design_1_mig_7series_0_0_in_context.xdc, line 97).
Applied set_property IO_BUFFER_TYPE = NONE for eth_mii_rx_clk. (constraint file  d:/XILINX2019/arty_base/arty_base.srcs/sources_1/bd/design_1/ip/design_1_axi_ethernetlite_0_0/design_1_axi_ethernetlite_0_0/design_1_axi_ethernetlite_0_0_in_context.xdc, line 3).
Applied set_property CLOCK_BUFFER_TYPE = NONE for eth_mii_rx_clk. (constraint file  d:/XILINX2019/arty_base/arty_base.srcs/sources_1/bd/design_1/ip/design_1_axi_ethernetlite_0_0/design_1_axi_ethernetlite_0_0/design_1_axi_ethernetlite_0_0_in_context.xdc, line 4).
Applied set_property IO_BUFFER_TYPE = NONE for eth_mii_tx_clk. (constraint file  d:/XILINX2019/arty_base/arty_base.srcs/sources_1/bd/design_1/ip/design_1_axi_ethernetlite_0_0/design_1_axi_ethernetlite_0_0/design_1_axi_ethernetlite_0_0_in_context.xdc, line 5).
Applied set_property CLOCK_BUFFER_TYPE = NONE for eth_mii_tx_clk. (constraint file  d:/XILINX2019/arty_base/arty_base.srcs/sources_1/bd/design_1/ip/design_1_axi_ethernetlite_0_0/design_1_axi_ethernetlite_0_0/design_1_axi_ethernetlite_0_0_in_context.xdc, line 6).
Applied set_property DONT_TOUCH = true for design_1_i. (constraint file  auto generated constraint, line ).
Applied set_property DONT_TOUCH = true for design_1_i/clk_wiz_0. (constraint file  auto generated constraint, line ).
Applied set_property DONT_TOUCH = true for design_1_i/mig_7series_0. (constraint file  auto generated constraint, line ).
Applied set_property DONT_TOUCH = true for design_1_i/microblaze_0. (constraint file  auto generated constraint, line ).
Applied set_property DONT_TOUCH = true for design_1_i/microblaze_0_local_memory/dlmb_v10. (constraint file  auto generated constraint, line ).
Applied set_property DONT_TOUCH = true for design_1_i/microblaze_0_local_memory/ilmb_v10. (constraint file  auto generated constraint, line ).
Applied set_property DONT_TOUCH = true for design_1_i/microblaze_0_local_memory/dlmb_bram_if_cntlr. (constraint file  auto generated constraint, line ).
Applied set_property DONT_TOUCH = true for design_1_i/microblaze_0_local_memory/ilmb_bram_if_cntlr. (constraint file  auto generated constraint, line ).
Applied set_property DONT_TOUCH = true for design_1_i/microblaze_0_local_memory/lmb_bram. (constraint file  auto generated constraint, line ).
Applied set_property DONT_TOUCH = true for design_1_i/microblaze_0_axi_periph/xbar. (constraint file  auto generated constraint, line ).
Applied set_property DONT_TOUCH = true for design_1_i/microblaze_0_axi_periph. (constraint file  auto generated constraint, line ).
Applied set_property DONT_TOUCH = true for design_1_i/microblaze_0_axi_intc. (constraint file  auto generated constraint, line ).
Applied set_property DONT_TOUCH = true for design_1_i/microblaze_0_xlconcat. (constraint file  auto generated constraint, line ).
Applied set_property DONT_TOUCH = true for design_1_i/mdm_1. (constraint file  auto generated constraint, line ).
Applied set_property DONT_TOUCH = true for design_1_i/rst_mig_7series_0_83M. (constraint file  auto generated constraint, line ).
Applied set_property DONT_TOUCH = true for design_1_i/axi_smc. (constraint file  auto generated constraint, line ).
Applied set_property DONT_TOUCH = true for design_1_i/axi_ethernetlite_0. (constraint file  auto generated constraint, line ).
Applied set_property DONT_TOUCH = true for design_1_i/axi_quad_spi_0. (constraint file  auto generated constraint, line ).
Applied set_property DONT_TOUCH = true for design_1_i/axi_gpio_0. (constraint file  auto generated constraint, line ).
Applied set_property DONT_TOUCH = true for design_1_i/axi_gpio_1. (constraint file  auto generated constraint, line ).
Applied set_property DONT_TOUCH = true for design_1_i/axi_uartlite_0. (constraint file  auto generated constraint, line ).
Applied set_property DONT_TOUCH = true for design_1_i/axi_timer_0. (constraint file  auto generated constraint, line ).
---------------------------------------------------------------------------------
Finished applying 'set_property' XDC Constraints : Time (s): cpu = 00:00:18 ; elapsed = 00:00:49 . Memory (MB): peak = 939.859 ; gain = 327.789
---------------------------------------------------------------------------------
---------------------------------------------------------------------------------
Finished RTL Optimization Phase 2 : Time (s): cpu = 00:00:19 ; elapsed = 00:00:50 . Memory (MB): peak = 939.859 ; gain = 327.789
---------------------------------------------------------------------------------

Report RTL Partitions: 
+-+--------------+------------+----------+
| |RTL Partition |Replication |Instances |
+-+--------------+------------+----------+
+-+--------------+------------+----------+
---------------------------------------------------------------------------------
Start RTL Component Statistics 
---------------------------------------------------------------------------------
Detailed RTL Component Info : 
---------------------------------------------------------------------------------
Finished RTL Component Statistics 
---------------------------------------------------------------------------------
---------------------------------------------------------------------------------
Start RTL Hierarchical Component Statistics 
---------------------------------------------------------------------------------
Hierarchical RTL Component report 
---------------------------------------------------------------------------------
Finished RTL Hierarchical Component Statistics
---------------------------------------------------------------------------------
---------------------------------------------------------------------------------
Start Part Resource Summary
---------------------------------------------------------------------------------
Part Resources:
DSPs: 90 (col length:60)
BRAMs: 100 (col length: RAMB18 60 RAMB36 30)
---------------------------------------------------------------------------------
Finished Part Resource Summary
---------------------------------------------------------------------------------
---------------------------------------------------------------------------------
Start Cross Boundary and Area Optimization
---------------------------------------------------------------------------------
Warning: Parallel synthesis criteria is not met 
WARNING: [Synth 8-3331] design design_1_microblaze_0_axi_periph_0 has unconnected port M00_ACLK
WARNING: [Synth 8-3331] design design_1_microblaze_0_axi_periph_0 has unconnected port M00_ARESETN
WARNING: [Synth 8-3331] design design_1_microblaze_0_axi_periph_0 has unconnected port M01_ACLK
WARNING: [Synth 8-3331] design design_1_microblaze_0_axi_periph_0 has unconnected port M01_ARESETN
WARNING: [Synth 8-3331] design design_1_microblaze_0_axi_periph_0 has unconnected port M02_ACLK
WARNING: [Synth 8-3331] design design_1_microblaze_0_axi_periph_0 has unconnected port M02_ARESETN
WARNING: [Synth 8-3331] design design_1_microblaze_0_axi_periph_0 has unconnected port M03_ACLK
WARNING: [Synth 8-3331] design design_1_microblaze_0_axi_periph_0 has unconnected port M03_ARESETN
WARNING: [Synth 8-3331] design design_1_microblaze_0_axi_periph_0 has unconnected port M04_ACLK
WARNING: [Synth 8-3331] design design_1_microblaze_0_axi_periph_0 has unconnected port M04_ARESETN
WARNING: [Synth 8-3331] design design_1_microblaze_0_axi_periph_0 has unconnected port M05_ACLK
WARNING: [Synth 8-3331] design design_1_microblaze_0_axi_periph_0 has unconnected port M05_ARESETN
WARNING: [Synth 8-3331] design design_1_microblaze_0_axi_periph_0 has unconnected port M06_ACLK
WARNING: [Synth 8-3331] design design_1_microblaze_0_axi_periph_0 has unconnected port M06_ARESETN
WARNING: [Synth 8-3331] design design_1_microblaze_0_axi_periph_0 has unconnected port S00_ACLK
WARNING: [Synth 8-3331] design design_1_microblaze_0_axi_periph_0 has unconnected port S00_ARESETN
---------------------------------------------------------------------------------
Finished Cross Boundary and Area Optimization : Time (s): cpu = 00:00:20 ; elapsed = 00:00:52 . Memory (MB): peak = 939.859 ; gain = 327.789
---------------------------------------------------------------------------------

Report RTL Partitions: 
+-+--------------+------------+----------+
| |RTL Partition |Replication |Instances |
+-+--------------+------------+----------+
+-+--------------+------------+----------+
---------------------------------------------------------------------------------
Start Applying XDC Timing Constraints
---------------------------------------------------------------------------------
INFO: [Synth 8-5578] Moved timing constraint from pin 'design_1_i/clk_wiz_0/clk_out1' to pin 'design_1_i/clk_wiz_0/bbstub_clk_out1/O'
INFO: [Synth 8-5578] Moved timing constraint from pin 'design_1_i/clk_wiz_0/clk_out2' to pin 'design_1_i/clk_wiz_0/bbstub_clk_out2/O'
INFO: [Synth 8-5578] Moved timing constraint from pin 'design_1_i/clk_wiz_0/clk_out3' to pin 'design_1_i/clk_wiz_0/bbstub_clk_out3/O'
INFO: [Synth 8-5578] Moved timing constraint from pin 'design_1_i/mig_7series_0/ui_clk' to pin 'design_1_i/mig_7series_0/bbstub_ui_clk/O'
INFO: [Synth 8-5578] Moved timing constraint from pin 'design_1_i/microblaze_0_local_memory/dlmb_bram_if_cntlr/BRAM_Clk_A' to pin 'design_1_i/microblaze_0_local_memory/dlmb_bram_if_cntlr/bbstub_BRAM_Clk_A/O'
INFO: [Synth 8-5578] Moved timing constraint from pin 'design_1_i/microblaze_0_local_memory/ilmb_bram_if_cntlr/BRAM_Clk_A' to pin 'design_1_i/microblaze_0_local_memory/ilmb_bram_if_cntlr/bbstub_BRAM_Clk_A/O'
INFO: [Synth 8-5578] Moved timing constraint from pin 'design_1_i/mdm_1/Dbg_Clk_0' to pin 'design_1_i/mdm_1/bbstub_Dbg_Clk_0/O'
INFO: [Synth 8-5578] Moved timing constraint from pin 'design_1_i/mdm_1/Dbg_Update_0' to pin 'design_1_i/mdm_1/bbstub_Dbg_Update_0/O'
INFO: [Synth 8-5819] Moved 8 constraints on hierarchical pins to their respective driving/loading pins
---------------------------------------------------------------------------------
Finished Applying XDC Timing Constraints : Time (s): cpu = 00:00:31 ; elapsed = 00:01:07 . Memory (MB): peak = 939.859 ; gain = 327.789
---------------------------------------------------------------------------------
---------------------------------------------------------------------------------
Start Timing Optimization
---------------------------------------------------------------------------------
---------------------------------------------------------------------------------
Finished Timing Optimization : Time (s): cpu = 00:00:31 ; elapsed = 00:01:08 . Memory (MB): peak = 939.859 ; gain = 327.789
---------------------------------------------------------------------------------

Report RTL Partitions: 
+-+--------------+------------+----------+
| |RTL Partition |Replication |Instances |
+-+--------------+------------+----------+
+-+--------------+------------+----------+
---------------------------------------------------------------------------------
Start Technology Mapping
---------------------------------------------------------------------------------
---------------------------------------------------------------------------------
Finished Technology Mapping : Time (s): cpu = 00:00:31 ; elapsed = 00:01:08 . Memory (MB): peak = 939.902 ; gain = 327.832
---------------------------------------------------------------------------------

Report RTL Partitions: 
+-+--------------+------------+----------+
| |RTL Partition |Replication |Instances |
+-+--------------+------------+----------+
+-+--------------+------------+----------+
---------------------------------------------------------------------------------
Start IO Insertion
---------------------------------------------------------------------------------
---------------------------------------------------------------------------------
Start Flattening Before IO Insertion
---------------------------------------------------------------------------------
---------------------------------------------------------------------------------
Finished Flattening Before IO Insertion
---------------------------------------------------------------------------------
---------------------------------------------------------------------------------
Start Final Netlist Cleanup
---------------------------------------------------------------------------------
---------------------------------------------------------------------------------
Finished Final Netlist Cleanup
---------------------------------------------------------------------------------
---------------------------------------------------------------------------------
Finished IO Insertion : Time (s): cpu = 00:00:34 ; elapsed = 00:01:12 . Memory (MB): peak = 953.379 ; gain = 341.309
---------------------------------------------------------------------------------

Report Check Netlist: 
+------+------------------+-------+---------+-------+------------------+
|      |Item              |Errors |Warnings |Status |Description       |
+------+------------------+-------+---------+-------+------------------+
|1     |multi_driven_nets |      0|        0|Passed |Multi driven nets |
+------+------------------+-------+---------+-------+------------------+
---------------------------------------------------------------------------------
Start Renaming Generated Instances
---------------------------------------------------------------------------------
---------------------------------------------------------------------------------
Finished Renaming Generated Instances : Time (s): cpu = 00:00:34 ; elapsed = 00:01:12 . Memory (MB): peak = 953.379 ; gain = 341.309
---------------------------------------------------------------------------------

Report RTL Partitions: 
+-+--------------+------------+----------+
| |RTL Partition |Replication |Instances |
+-+--------------+------------+----------+
+-+--------------+------------+----------+
---------------------------------------------------------------------------------
Start Rebuilding User Hierarchy
---------------------------------------------------------------------------------
---------------------------------------------------------------------------------
Finished Rebuilding User Hierarchy : Time (s): cpu = 00:00:34 ; elapsed = 00:01:12 . Memory (MB): peak = 953.379 ; gain = 341.309
---------------------------------------------------------------------------------
---------------------------------------------------------------------------------
Start Renaming Generated Ports
---------------------------------------------------------------------------------
---------------------------------------------------------------------------------
Finished Renaming Generated Ports : Time (s): cpu = 00:00:34 ; elapsed = 00:01:12 . Memory (MB): peak = 953.379 ; gain = 341.309
---------------------------------------------------------------------------------
---------------------------------------------------------------------------------
Start Handling Custom Attributes
---------------------------------------------------------------------------------
---------------------------------------------------------------------------------
Finished Handling Custom Attributes : Time (s): cpu = 00:00:34 ; elapsed = 00:01:12 . Memory (MB): peak = 953.379 ; gain = 341.309
---------------------------------------------------------------------------------
---------------------------------------------------------------------------------
Start Renaming Generated Nets
---------------------------------------------------------------------------------
---------------------------------------------------------------------------------
Finished Renaming Generated Nets : Time (s): cpu = 00:00:34 ; elapsed = 00:01:13 . Memory (MB): peak = 953.379 ; gain = 341.309
---------------------------------------------------------------------------------
---------------------------------------------------------------------------------
Start Writing Synthesis Report
---------------------------------------------------------------------------------

Report BlackBoxes: 
+------+---------------------------------+----------+
|      |BlackBox name                    |Instances |
+------+---------------------------------+----------+
|1     |design_1_xbar_0                  |         1|
|2     |design_1_axi_ethernetlite_0_0    |         1|
|3     |design_1_axi_gpio_0_0            |         1|
|4     |design_1_axi_gpio_1_0            |         1|
|5     |design_1_axi_quad_spi_0_0        |         1|
|6     |design_1_axi_smc_0               |         1|
|7     |design_1_axi_timer_0_0           |         1|
|8     |design_1_axi_uartlite_0_0        |         1|
|9     |design_1_clk_wiz_0_0             |         1|
|10    |design_1_mdm_1_0                 |         1|
|11    |design_1_microblaze_0_0          |         1|
|12    |design_1_microblaze_0_axi_intc_0 |         1|
|13    |design_1_mig_7series_0_0         |         1|
|14    |design_1_rst_mig_7series_0_83M_0 |         1|
|15    |design_1_dlmb_bram_if_cntlr_0    |         1|
|16    |design_1_dlmb_v10_0              |         1|
|17    |design_1_ilmb_bram_if_cntlr_0    |         1|
|18    |design_1_ilmb_v10_0              |         1|
|19    |design_1_lmb_bram_0              |         1|
+------+---------------------------------+----------+

Report Cell Usage: 
+------+-----------------------------------------+------+
|      |Cell                                     |Count |
+------+-----------------------------------------+------+
|1     |design_1_axi_ethernetlite_0_0_bbox_0     |     1|
|2     |design_1_axi_gpio_0_0_bbox_1             |     1|
|3     |design_1_axi_gpio_1_0_bbox_2             |     1|
|4     |design_1_axi_quad_spi_0_0_bbox_3         |     1|
|5     |design_1_axi_smc_0_bbox_4                |     1|
|6     |design_1_axi_timer_0_0_bbox_5            |     1|
|7     |design_1_axi_uartlite_0_0_bbox_6         |     1|
|8     |design_1_clk_wiz_0_0_bbox_7              |     1|
|9     |design_1_dlmb_bram_if_cntlr_0_bbox_12    |     1|
|10    |design_1_dlmb_v10_0_bbox_13              |     1|
|11    |design_1_ilmb_bram_if_cntlr_0_bbox_14    |     1|
|12    |design_1_ilmb_v10_0_bbox_15              |     1|
|13    |design_1_lmb_bram_0_bbox_16              |     1|
|14    |design_1_mdm_1_0_bbox_8                  |     1|
|15    |design_1_microblaze_0_0_bbox_9           |     1|
|16    |design_1_microblaze_0_axi_intc_0_bbox_10 |     1|
|17    |design_1_mig_7series_0_0_bbox_17         |     1|
|18    |design_1_rst_mig_7series_0_83M_0_bbox_18 |     1|
|19    |design_1_xbar_0_bbox_11                  |     1|
|20    |IBUF                                     |    18|
|21    |IOBUF                                    |     7|
|22    |OBUF                                     |    25|
+------+-----------------------------------------+------+

Report Instance Areas: 
+------+------------------------------+--------------------------------------+------+
|      |Instance                      |Module                                |Cells |
+------+------------------------------+--------------------------------------+------+
|1     |top                           |                                      |  2817|
|2     |  design_1_i                  |design_1                              |  2767|
|3     |    microblaze_0_axi_periph   |design_1_microblaze_0_axi_periph_0    |   818|
|4     |    microblaze_0_xlconcat     |design_1_microblaze_0_xlconcat_0      |     0|
|5     |    microblaze_0_local_memory |microblaze_0_local_memory_imp_1K0VQXK |   496|
+------+------------------------------+--------------------------------------+------+
---------------------------------------------------------------------------------
Finished Writing Synthesis Report : Time (s): cpu = 00:00:34 ; elapsed = 00:01:13 . Memory (MB): peak = 953.379 ; gain = 341.309
---------------------------------------------------------------------------------
Synthesis finished with 0 errors, 0 critical warnings and 16 warnings.
Synthesis Optimization Runtime : Time (s): cpu = 00:00:22 ; elapsed = 00:00:56 . Memory (MB): peak = 953.379 ; gain = 266.371
Synthesis Optimization Complete : Time (s): cpu = 00:00:34 ; elapsed = 00:01:13 . Memory (MB): peak = 953.379 ; gain = 341.309
INFO: [Project 1-571] Translating synthesized netlist
INFO: [Netlist 29-17] Analyzing 7 Unisim elements for replacement
INFO: [Netlist 29-28] Unisim Transformation completed in 0 CPU seconds
INFO: [Project 1-570] Preparing netlist for logic optimization
INFO: [Opt 31-138] Pushed 0 inverter(s) to 0 load pin(s).
Netlist sorting complete. Time (s): cpu = 00:00:00 ; elapsed = 00:00:00.001 . Memory (MB): peak = 974.133 ; gain = 0.000
INFO: [Project 1-111] Unisim Transformation Summary:
  A total of 7 instances were transformed.
  IOBUF => IOBUF (IBUF, OBUFT): 7 instances

INFO: [Common 17-83] Releasing license: Synthesis
103 Infos, 98 Warnings, 0 Critical Warnings and 0 Errors encountered.
synth_design completed successfully
synth_design: Time (s): cpu = 00:00:42 ; elapsed = 00:01:40 . Memory (MB): peak = 974.133 ; gain = 628.086
Netlist sorting complete. Time (s): cpu = 00:00:00 ; elapsed = 00:00:00.001 . Memory (MB): peak = 974.133 ; gain = 0.000
WARNING: [Constraints 18-5210] No constraints selected for write.
Resolution: This message can indicate that there are no constraints for the design, or it can indicate that the used_in flags are set such that the constraints are ignored. This later case is used when running synth_design to not write synthesis constraints to the resulting checkpoint. Instead, project constraints are read when the synthesized design is opened.
INFO: [Common 17-1381] The checkpoint 'D:/XILINX2019/arty_base/arty_base.runs/synth_1/design_1_wrapper.dcp' has been generated.
INFO: [runtcl-4] Executing : report_utilization -file design_1_wrapper_utilization_synth.rpt -pb design_1_wrapper_utilization_synth.pb
INFO: [Common 17-206] Exiting Vivado at Fri Jun  2 14:24:03 2023...
