#-----------------------------------------------------------
# Webtalk v2019.1 (64-bit)
# SW Build 2552052 on Fri May 24 14:49:42 MDT 2019
# 
# Start of session at: Sat Jun  3 16:10:36 2023
# Process ID: 1612
# Current directory: D:/XILINX2019/arty_base/arty_base.sdk/webtalk
# Command line: wbtcv.exe -mode batch -source sdk_webtalk.tcl
# Log file: D:/XILINX2019/arty_base/arty_base.sdk/webtalk/webtalk.log
# Journal file: D:/XILINX2019/arty_base/arty_base.sdk/webtalk\webtalk.jou
#-----------------------------------------------------------
source sdk_webtalk.tcl
# webtalk_init -webtalk_dir D:\\XILINX2019\\arty_base\\arty_base.sdk\\webtalk
# webtalk_register_client -client project
# webtalk_add_data -client project -key date_generated -value "2023-06-03 16:10:33" -context "software_version_and_target_device"
# webtalk_add_data -client project -key product_version -value "SDK v2019.1" -context "software_version_and_target_device"
# webtalk_add_data -client project -key build_version -value "2019.1" -context "software_version_and_target_device"
# webtalk_add_data -client project -key os_platform -value "amd64" -context "software_version_and_target_device"
# webtalk_add_data -client project -key registration_id -value "212452889_0_0_542" -context "software_version_and_target_device"
# webtalk_add_data -client project -key tool_flow -value "SDK" -context "software_version_and_target_device"
# webtalk_add_data -client project -key beta -value "false" -context "software_version_and_target_device"
# webtalk_add_data -client project -key route_design -value "NA" -context "software_version_and_target_device"
# webtalk_add_data -client project -key target_family -value "NA" -context "software_version_and_target_device"
# webtalk_add_data -client project -key target_device -value "NA" -context "software_version_and_target_device"
# webtalk_add_data -client project -key target_package -value "NA" -context "software_version_and_target_device"
# webtalk_add_data -client project -key target_speed -value "NA" -context "software_version_and_target_device"
# webtalk_add_data -client project -key random_id -value "hfqtvkuf1ef2e1j66aref73b5c" -context "software_version_and_target_device"
# webtalk_add_data -client project -key project_id -value "2019.1_19" -context "software_version_and_target_device"
# webtalk_add_data -client project -key project_iteration -value "19" -context "software_version_and_target_device"
# webtalk_add_data -client project -key os_name -value "Microsoft Windows 8 or later , 64-bit" -context "user_environment"
# webtalk_add_data -client project -key os_release -value "major release  (build 9200)" -context "user_environment"
# webtalk_add_data -client project -key cpu_name -value "AMD Ryzen 3 3200U with Radeon Vega Mobile Gfx  " -context "user_environment"
# webtalk_add_data -client project -key cpu_speed -value "2595 MHz" -context "user_environment"
# webtalk_add_data -client project -key total_processors -value "1" -context "user_environment"
# webtalk_add_data -client project -key system_ram -value "6.352 GB" -context "user_environment"
# webtalk_register_client -client sdk
# webtalk_add_data -client sdk -key uid -value "1685782730244" -context "sdk\\\\bsp/1685782730244"
# webtalk_add_data -client sdk -key hwid -value "1677069513435" -context "sdk\\\\bsp/1685782730244"
# webtalk_add_data -client sdk -key os -value "standalone" -context "sdk\\\\bsp/1685782730244"
# webtalk_add_data -client sdk -key apptemplate -value "hello_world" -context "sdk\\\\bsp/1685782730244"
# webtalk_add_data -client sdk -key RecordType -value "BSPCreation" -context "sdk\\\\bsp/1685782730244"
# webtalk_add_data -client sdk -key uid -value "1685782748477" -context "sdk\\\\application/1685782748477"
# webtalk_add_data -client sdk -key hwid -value "1677069513435" -context "sdk\\\\application/1685782748477"
# webtalk_add_data -client sdk -key bspid -value "1685782730244" -context "sdk\\\\application/1685782748477"
# webtalk_add_data -client sdk -key newbsp -value "true" -context "sdk\\\\application/1685782748477"
# webtalk_add_data -client sdk -key os -value "standalone" -context "sdk\\\\application/1685782748477"
# webtalk_add_data -client sdk -key apptemplate -value "hello_world" -context "sdk\\\\application/1685782748477"
# webtalk_add_data -client sdk -key RecordType -value "APPCreation" -context "sdk\\\\application/1685782748477"
# webtalk_add_data -client sdk -key LangUsed -value "C" -context "sdk\\\\application/1685782748477"
# webtalk_add_data -client sdk -key Procused -value "microblaze" -context "sdk\\\\application/1685782748477"
# webtalk_add_data -client sdk -key uid -value "NA" -context "sdk\\\\bsp/1685783433235"
# webtalk_add_data -client sdk -key RecordType -value "ToolUsage" -context "sdk\\\\bsp/1685783433235"
# webtalk_add_data -client sdk -key BootgenCount -value "0" -context "sdk\\\\bsp/1685783433235"
# webtalk_add_data -client sdk -key DebugCount -value "1" -context "sdk\\\\bsp/1685783433235"
# webtalk_add_data -client sdk -key PerfCount -value "0" -context "sdk\\\\bsp/1685783433235"
# webtalk_add_data -client sdk -key FlashCount -value "0" -context "sdk\\\\bsp/1685783433235"
# webtalk_add_data -client sdk -key CrossTriggCount -value "0" -context "sdk\\\\bsp/1685783433235"
# webtalk_add_data -client sdk -key QemuDebugCount -value "0" -context "sdk\\\\bsp/1685783433235"
# webtalk_transmit -clientid 3436852054 -regid "212452889_0_0_542" -xml D:\\XILINX2019\\arty_base\\arty_base.sdk\\webtalk\\usage_statistics_ext_sdk.xml -html D:\\XILINX2019\\arty_base\\arty_base.sdk\\webtalk\\usage_statistics_ext_sdk.html -wdm D:\\XILINX2019\\arty_base\\arty_base.sdk\\webtalk\\sdk_webtalk.wdm -intro "<H3>SDK Usage Report</H3><BR>"
INFO: [Common 17-186] 'D:\XILINX2019\arty_base\arty_base.sdk\webtalk\usage_statistics_ext_sdk.xml' has been successfully sent to Xilinx on Sat Jun  3 16:10:48 2023. For additional details about this file, please refer to the WebTalk help file at D:/XILINX2019/SDK/2019.1/doc/webtalk_introduction.html.
webtalk_transmit: Time (s): cpu = 00:00:00 ; elapsed = 00:00:09 . Memory (MB): peak = 85.719 ; gain = 0.000
# webtalk_terminate
INFO: [Common 17-206] Exiting Webtalk at Sat Jun  3 16:10:48 2023...
